#
# There is insufficient memory for the Java Runtime Environment to continue.
# Native memory allocation (mmap) failed to map 524288000 bytes for G1 virtual space
# Possible reasons:
#   The system is out of physical RAM or swap space
#   The process is running with CompressedOops enabled, and the Java Heap may be blocking the growth of the native heap
# Possible solutions:
#   Reduce memory load on the system
#   Increase physical memory or swap space
#   Check if swap backing store is full
#   Decrease Java heap size (-Xmx/-Xms)
#   Decrease number of Java threads
#   Decrease Java thread stack sizes (-Xss)
#   Set larger code cache with -XX:ReservedCodeCacheSize=
#   JVM is running with Zero Based Compressed Oops mode in which the Java heap is
#     placed in the first 32GB address space. The Java Heap base address is the
#     maximum limit for the native heap growth. Please use -XX:HeapBaseMinAddress
#     to set the Java Heap base and to place the Java Heap above 32GB virtual address.
# This output file may be truncated or incomplete.
#
#  Out of Memory Error (os_windows.cpp:3548), pid=15136, tid=13372
#
# JRE version: Java(TM) SE Runtime Environment (17.0.12+8) (build 17.0.12+8-LTS-286)
# Java VM: Java HotSpot(TM) 64-Bit Server VM (17.0.12+8-LTS-286, mixed mode, sharing, tiered, compressed oops, compressed class ptrs, g1 gc, windows-amd64)
# No core dump will be written. Minidumps are not enabled by default on client versions of Windows
#

---------------  S U M M A R Y ------------

Command Line: --add-opens=java.base/java.util=ALL-UNNAMED --add-opens=java.base/java.lang=ALL-UNNAMED --add-opens=java.base/java.lang.invoke=ALL-UNNAMED --add-opens=java.prefs/java.util.prefs=ALL-UNNAMED --add-opens=java.base/java.nio.charset=ALL-UNNAMED --add-opens=java.base/java.net=ALL-UNNAMED --add-opens=java.base/java.util.concurrent.atomic=ALL-UNNAMED -Xmx3G -Dfile.encoding=windows-1252 -Duser.country=FR -Duser.language=fr -Duser.variant -javaagent:C:\Users\Tamwyn\.gradle\wrapper\dists\gradle-8.7-all\aan3ydargesu18aqyqjwhr3pc\gradle-8.7\lib\agents\gradle-instrumentation-agent-8.7.jar org.gradle.launcher.daemon.bootstrap.GradleDaemon 8.7

Host: 11th Gen Intel(R) Core(TM) i7-1165G7 @ 2.80GHz, 8 cores, 7G,  Windows 10 , 64 bit Build 19041 (10.0.19041.5198)
Time: Sat Dec 28 18:27:24 2024 Paris, Madrid elapsed time: 15.506083 seconds (0d 0h 0m 15s)

---------------  T H R E A D  ---------------

Current thread (0x000001efa36b2df0):  VMThread "VM Thread" [stack: 0x000000151fc00000,0x000000151fd00000] [id=13372]

Stack: [0x000000151fc00000,0x000000151fd00000]
Native frames: (J=compiled Java code, j=interpreted, Vv=VM code, C=native code)
V  [jvm.dll+0x67a04a]
V  [jvm.dll+0x7da4ed]
V  [jvm.dll+0x7dbe33]
V  [jvm.dll+0x7dc4a3]
V  [jvm.dll+0x24508f]
V  [jvm.dll+0x677089]
V  [jvm.dll+0x66bd32]
V  [jvm.dll+0x301fa6]
V  [jvm.dll+0x309546]
V  [jvm.dll+0x359d2e]
V  [jvm.dll+0x359f5f]
V  [jvm.dll+0x2d9078]
V  [jvm.dll+0x2d74ad]
V  [jvm.dll+0x2d6afc]
V  [jvm.dll+0x31a65b]
V  [jvm.dll+0x7e0d9b]
V  [jvm.dll+0x7e1ad4]
V  [jvm.dll+0x7e1fed]
V  [jvm.dll+0x7e23c4]
V  [jvm.dll+0x7e2490]
V  [jvm.dll+0x78abea]
V  [jvm.dll+0x678f35]
C  [ucrtbase.dll+0x21bb2]
C  [KERNEL32.DLL+0x17374]
C  [ntdll.dll+0x4cc91]

VM_Operation (0x0000001526bfcfd0): G1CollectForAllocation, mode: safepoint, requested by thread 0x000001efed1a77d0


---------------  P R O C E S S  ---------------

Threads class SMR info:
_java_thread_list=0x000001efe9afc700, length=102, elements={
0x000001ef80f1a7b0, 0x000001efa36bb730, 0x000001efa36bc000, 0x000001efa36cfa10,
0x000001efa36d02e0, 0x000001efa36d2bc0, 0x000001efa36d3490, 0x000001efa36d4140,
0x000001efa36d92c0, 0x000001efa36dcbf0, 0x000001efa390cd60, 0x000001efa3a13c50,
0x000001efe9d56080, 0x000001efeab0d420, 0x000001efea44f660, 0x000001efebfed4d0,
0x000001efe9fc94d0, 0x000001efea979e50, 0x000001efea978f20, 0x000001efea978a10,
0x000001efea979430, 0x000001efea97b290, 0x000001efea979940, 0x000001efea97bcb0,
0x000001efea97c1c0, 0x000001efea97a360, 0x000001efea97a870, 0x000001efea97ad80,
0x000001efebbf6450, 0x000001efebbf7890, 0x000001efebbf6e70, 0x000001efebbf7380,
0x000001efebbf40e0, 0x000001efebbf5010, 0x000001efebbf5a30, 0x000001efebbf45f0,
0x000001efebbf4b00, 0x000001efebbf5f40, 0x000001efed1edd40, 0x000001efed1e9150,
0x000001efed1eec70, 0x000001efed1ef180, 0x000001efed1eb4c0, 0x000001efed1eaaa0,
0x000001efed1ef690, 0x000001efed1ee760, 0x000001efed1ebee0, 0x000001efed1efba0,
0x000001efed1e9660, 0x000001efed1e8730, 0x000001efed1f00b0, 0x000001efed1e8c40,
0x000001efed1ec3f0, 0x000001efed1ece10, 0x000001efed1eafb0, 0x000001efed1e9b70,
0x000001efed1ed320, 0x000001efed1ed830, 0x000001efed1ee250, 0x000001efed1ea590,
0x000001efed1eb9d0, 0x000001efe99ecef0, 0x000001efe99f2a10, 0x000001efe99ee330,
0x000001efe99f10c0, 0x000001efe99ef260, 0x000001efe99ef770, 0x000001efe99ebfc0,
0x000001efe99ed910, 0x000001efe99f2500, 0x000001efe99efc80, 0x000001efe99eed50,
0x000001efe99f3940, 0x000001efe99ede20, 0x000001efe99f2f20, 0x000001efe99ec4d0,
0x000001efe99f3430, 0x000001efe99ec9e0, 0x000001efe99ee840, 0x000001efe99f0bb0,
0x000001efe99f0190, 0x000001efe99f06a0, 0x000001efe99f15d0, 0x000001efe99f1ae0,
0x000001efe99f1ff0, 0x000001efed1a3600, 0x000001efed1a0360, 0x000001efed1a5970,
0x000001efed1a5e80, 0x000001efed1a0d80, 0x000001efed1a72c0, 0x000001efed1a1290,
0x000001efed1a2be0, 0x000001efed1a26d0, 0x000001efed19fe50, 0x000001efed1a77d0,
0x000001efed1a3b10, 0x000001efed1a4020, 0x000001efed1a6db0, 0x000001efed1a17a0,
0x000001efed1a6390, 0x000001efed1a68a0
}

Java Threads: ( => current thread )
  0x000001ef80f1a7b0 JavaThread "main" [_thread_blocked, id=2276, stack(0x000000151f600000,0x000000151f700000)]
  0x000001efa36bb730 JavaThread "Reference Handler" daemon [_thread_blocked, id=7156, stack(0x000000151fd00000,0x000000151fe00000)]
  0x000001efa36bc000 JavaThread "Finalizer" daemon [_thread_blocked, id=17032, stack(0x000000151fe00000,0x000000151ff00000)]
  0x000001efa36cfa10 JavaThread "Signal Dispatcher" daemon [_thread_blocked, id=16552, stack(0x000000151ff00000,0x0000001520000000)]
  0x000001efa36d02e0 JavaThread "Attach Listener" daemon [_thread_blocked, id=1056, stack(0x0000001520000000,0x0000001520100000)]
  0x000001efa36d2bc0 JavaThread "Service Thread" daemon [_thread_blocked, id=13884, stack(0x0000001520100000,0x0000001520200000)]
  0x000001efa36d3490 JavaThread "Monitor Deflation Thread" daemon [_thread_blocked, id=3060, stack(0x0000001520200000,0x0000001520300000)]
  0x000001efa36d4140 JavaThread "C2 CompilerThread0" daemon [_thread_in_native, id=12044, stack(0x0000001520300000,0x0000001520400000)]
  0x000001efa36d92c0 JavaThread "C1 CompilerThread0" daemon [_thread_blocked, id=9656, stack(0x0000001520400000,0x0000001520500000)]
  0x000001efa36dcbf0 JavaThread "Sweeper thread" daemon [_thread_blocked, id=10152, stack(0x0000001520500000,0x0000001520600000)]
  0x000001efa390cd60 JavaThread "Common-Cleaner" daemon [_thread_blocked, id=3812, stack(0x0000001520600000,0x0000001520700000)]
  0x000001efa3a13c50 JavaThread "Notification Thread" daemon [_thread_blocked, id=8700, stack(0x0000001520700000,0x0000001520800000)]
  0x000001efe9d56080 JavaThread "Daemon health stats" [_thread_blocked, id=15724, stack(0x0000001520e00000,0x0000001520f00000)]
  0x000001efeab0d420 JavaThread "Incoming local TCP Connector on port 53005" [_thread_in_native, id=11744, stack(0x0000001520f00000,0x0000001521000000)]
  0x000001efea44f660 JavaThread "Daemon periodic checks" [_thread_blocked, id=3120, stack(0x0000001521000000,0x0000001521100000)]
  0x000001efebfed4d0 JavaThread "Daemon" [_thread_blocked, id=14252, stack(0x0000001520900000,0x0000001520a00000)]
  0x000001efe9fc94d0 JavaThread "Handler for socket connection from /127.0.0.1:53005 to /127.0.0.1:53006" [_thread_in_native, id=10176, stack(0x0000001521100000,0x0000001521200000)]
  0x000001efea979e50 JavaThread "Cancel handler" [_thread_blocked, id=12028, stack(0x0000001521200000,0x0000001521300000)]
  0x000001efea978f20 JavaThread "Daemon worker" [_thread_blocked, id=6792, stack(0x0000001521300000,0x0000001521400000)]
  0x000001efea978a10 JavaThread "Asynchronous log dispatcher for DefaultDaemonConnection: socket connection from /127.0.0.1:53005 to /127.0.0.1:53006" [_thread_blocked, id=12696, stack(0x0000001521400000,0x0000001521500000)]
  0x000001efea979430 JavaThread "Stdin handler" [_thread_blocked, id=14576, stack(0x0000001521500000,0x0000001521600000)]
  0x000001efea97b290 JavaThread "Daemon client event forwarder" [_thread_blocked, id=7872, stack(0x0000001521600000,0x0000001521700000)]
  0x000001efea979940 JavaThread "Cache worker for journal cache (C:\Users\Tamwyn\.gradle\caches\journal-1)" [_thread_blocked, id=3516, stack(0x0000001521a00000,0x0000001521b00000)]
  0x000001efea97bcb0 JavaThread "File lock request listener" [_thread_in_native, id=12676, stack(0x0000001521b00000,0x0000001521c00000)]
  0x000001efea97c1c0 JavaThread "Cache worker for file hash cache (C:\Users\Tamwyn\.gradle\caches\8.7\fileHashes)" [_thread_blocked, id=16344, stack(0x0000001521c00000,0x0000001521d00000)]
  0x000001efea97a360 JavaThread "Cache worker for file hash cache (C:\Users\Tamwyn\Documents\Projets Perso\ModeMinecraft\Projet\app\.gradle\8.7\fileHashes)" [_thread_blocked, id=9292, stack(0x0000001521d00000,0x0000001521e00000)]
  0x000001efea97a870 JavaThread "File watcher server" daemon [_thread_blocked, id=9112, stack(0x0000001521e00000,0x0000001521f00000)]
  0x000001efea97ad80 JavaThread "File watcher consumer" daemon [_thread_blocked, id=3432, stack(0x0000001521f00000,0x0000001522000000)]
  0x000001efebbf6450 JavaThread "Cache worker for checksums cache (C:\Users\Tamwyn\Documents\Projets Perso\ModeMinecraft\Projet\app\.gradle\8.7\checksums)" [_thread_blocked, id=15188, stack(0x0000001522200000,0x0000001522300000)]
  0x000001efebbf7890 JavaThread "Cache worker for cache directory md-supplier (C:\Users\Tamwyn\.gradle\caches\8.7\md-supplier)" [_thread_blocked, id=9700, stack(0x0000001522300000,0x0000001522400000)]
  0x000001efebbf6e70 JavaThread "Cache worker for cache directory md-rule (C:\Users\Tamwyn\.gradle\caches\8.7\md-rule)" [_thread_blocked, id=13160, stack(0x0000001522400000,0x0000001522500000)]
  0x000001efebbf7380 JavaThread "Cache worker for file content cache (C:\Users\Tamwyn\.gradle\caches\8.7\fileContent)" [_thread_blocked, id=16720, stack(0x0000001522500000,0x0000001522600000)]
  0x000001efebbf40e0 JavaThread "jar transforms" [_thread_blocked, id=12484, stack(0x0000001522600000,0x0000001522700000)]
  0x000001efebbf5010 JavaThread "Unconstrained build operations" [_thread_blocked, id=16168, stack(0x0000001522700000,0x0000001522800000)]
  0x000001efebbf5a30 JavaThread "Unconstrained build operations Thread 2" [_thread_blocked, id=7724, stack(0x0000001522800000,0x0000001522900000)]
  0x000001efebbf45f0 JavaThread "Unconstrained build operations Thread 3" [_thread_blocked, id=11440, stack(0x0000001522900000,0x0000001522a00000)]
  0x000001efebbf4b00 JavaThread "Unconstrained build operations Thread 4" [_thread_blocked, id=12852, stack(0x0000001522a00000,0x0000001522b00000)]
  0x000001efebbf5f40 JavaThread "jar transforms Thread 2" [_thread_blocked, id=12260, stack(0x0000001522b00000,0x0000001522c00000)]
  0x000001efed1edd40 JavaThread "Cache worker for Build Output Cleanup Cache (C:\Users\Tamwyn\Documents\Projets Perso\ModeMinecraft\Projet\app\.gradle\buildOutputCleanup)" [_thread_blocked, id=17328, stack(0x0000001522c00000,0x0000001522d00000)]
  0x000001efed1e9150 JavaThread "jar transforms Thread 3" [_thread_blocked, id=13752, stack(0x0000001522d00000,0x0000001522e00000)]
  0x000001efed1eec70 JavaThread "Unconstrained build operations Thread 5" [_thread_blocked, id=12936, stack(0x0000001522e00000,0x0000001522f00000)]
  0x000001efed1ef180 JavaThread "Unconstrained build operations Thread 6" [_thread_blocked, id=14056, stack(0x0000001522f00000,0x0000001523000000)]
  0x000001efed1eb4c0 JavaThread "Unconstrained build operations Thread 7" [_thread_blocked, id=15132, stack(0x0000001523000000,0x0000001523100000)]
  0x000001efed1eaaa0 JavaThread "Unconstrained build operations Thread 8" [_thread_blocked, id=15536, stack(0x0000001523100000,0x0000001523200000)]
  0x000001efed1ef690 JavaThread "Unconstrained build operations Thread 9" [_thread_blocked, id=16148, stack(0x0000001523200000,0x0000001523300000)]
  0x000001efed1ee760 JavaThread "Unconstrained build operations Thread 10" [_thread_blocked, id=12372, stack(0x0000001523300000,0x0000001523400000)]
  0x000001efed1ebee0 JavaThread "Unconstrained build operations Thread 11" [_thread_blocked, id=420, stack(0x0000001523400000,0x0000001523500000)]
  0x000001efed1efba0 JavaThread "Unconstrained build operations Thread 12" [_thread_blocked, id=8976, stack(0x0000001523500000,0x0000001523600000)]
  0x000001efed1e9660 JavaThread "Unconstrained build operations Thread 13" [_thread_blocked, id=2124, stack(0x0000001523600000,0x0000001523700000)]
  0x000001efed1e8730 JavaThread "Unconstrained build operations Thread 14" [_thread_blocked, id=14636, stack(0x0000001523700000,0x0000001523800000)]
  0x000001efed1f00b0 JavaThread "Unconstrained build operations Thread 15" [_thread_blocked, id=540, stack(0x0000001523800000,0x0000001523900000)]
  0x000001efed1e8c40 JavaThread "Unconstrained build operations Thread 16" [_thread_blocked, id=1620, stack(0x0000001523900000,0x0000001523a00000)]
  0x000001efed1ec3f0 JavaThread "Unconstrained build operations Thread 17" [_thread_blocked, id=10444, stack(0x0000001523a00000,0x0000001523b00000)]
  0x000001efed1ece10 JavaThread "Unconstrained build operations Thread 18" [_thread_blocked, id=12564, stack(0x0000001523b00000,0x0000001523c00000)]
  0x000001efed1eafb0 JavaThread "Keep-Alive-Timer" daemon [_thread_blocked, id=792, stack(0x0000001522100000,0x0000001522200000)]
  0x000001efed1e9b70 JavaThread "Memory manager" [_thread_blocked, id=8416, stack(0x0000001523c00000,0x0000001523d00000)]
  0x000001efed1ed320 JavaThread "jar transforms Thread 4" [_thread_blocked, id=2948, stack(0x0000001523d00000,0x0000001523e00000)]
  0x000001efed1ed830 JavaThread "ForkJoinPool.commonPool-worker-1" daemon [_thread_blocked, id=9296, stack(0x0000001523e00000,0x0000001523f00000)]
  0x000001efed1ee250 JavaThread "ForkJoinPool.commonPool-worker-2" daemon [_thread_blocked, id=13564, stack(0x0000001523f00000,0x0000001524000000)]
  0x000001efed1ea590 JavaThread "ForkJoinPool.commonPool-worker-3" daemon [_thread_blocked, id=9564, stack(0x0000001524000000,0x0000001524100000)]
  0x000001efed1eb9d0 JavaThread "ForkJoinPool.commonPool-worker-4" daemon [_thread_blocked, id=14320, stack(0x0000001524100000,0x0000001524200000)]
  0x000001efe99ecef0 JavaThread "ForkJoinPool.commonPool-worker-5" daemon [_thread_blocked, id=2988, stack(0x0000001524200000,0x0000001524300000)]
  0x000001efe99f2a10 JavaThread "ForkJoinPool.commonPool-worker-6" daemon [_thread_blocked, id=6432, stack(0x0000001524300000,0x0000001524400000)]
  0x000001efe99ee330 JavaThread "ForkJoinPool.commonPool-worker-7" daemon [_thread_blocked, id=3160, stack(0x0000001524400000,0x0000001524500000)]
  0x000001efe99f10c0 JavaThread "Exec process" daemon [_thread_in_native, id=11240, stack(0x0000001524500000,0x0000001524600000)]
  0x000001efe99ef260 JavaThread "Exec process Thread 2" daemon [_thread_in_native, id=9116, stack(0x0000001524600000,0x0000001524700000)]
  0x000001efe99ef770 JavaThread "Exec process Thread 3" daemon [_thread_blocked, id=15120, stack(0x0000001524700000,0x0000001524800000)]
  0x000001efe99ebfc0 JavaThread "Unconstrained build operations Thread 19" [_thread_blocked, id=14376, stack(0x0000001524800000,0x0000001524900000)]
  0x000001efe99ed910 JavaThread "Unconstrained build operations Thread 20" [_thread_blocked, id=9232, stack(0x0000001524900000,0x0000001524a00000)]
  0x000001efe99f2500 JavaThread "Unconstrained build operations Thread 21" [_thread_blocked, id=15112, stack(0x0000001524a00000,0x0000001524b00000)]
  0x000001efe99efc80 JavaThread "Unconstrained build operations Thread 22" [_thread_blocked, id=3596, stack(0x0000001524b00000,0x0000001524c00000)]
  0x000001efe99eed50 JavaThread "Unconstrained build operations Thread 23" [_thread_blocked, id=16876, stack(0x0000001524c00000,0x0000001524d00000)]
  0x000001efe99f3940 JavaThread "Unconstrained build operations Thread 24" [_thread_blocked, id=12140, stack(0x0000001524d00000,0x0000001524e00000)]
  0x000001efe99ede20 JavaThread "Unconstrained build operations Thread 25" [_thread_blocked, id=1968, stack(0x0000001524e00000,0x0000001524f00000)]
  0x000001efe99f2f20 JavaThread "Unconstrained build operations Thread 26" [_thread_blocked, id=13080, stack(0x0000001524f00000,0x0000001525000000)]
  0x000001efe99ec4d0 JavaThread "included builds" [_thread_blocked, id=10964, stack(0x0000001525000000,0x0000001525100000)]
  0x000001efe99f3430 JavaThread "Execution worker" [_thread_blocked, id=2164, stack(0x0000001525100000,0x0000001525200000)]
  0x000001efe99ec9e0 JavaThread "Execution worker Thread 2" [_thread_blocked, id=14592, stack(0x0000001525200000,0x0000001525300000)]
  0x000001efe99ee840 JavaThread "Execution worker Thread 3" [_thread_blocked, id=3220, stack(0x0000001525300000,0x0000001525400000)]
  0x000001efe99f0bb0 JavaThread "Execution worker Thread 4" [_thread_blocked, id=12124, stack(0x0000001525400000,0x0000001525500000)]
  0x000001efe99f0190 JavaThread "Execution worker Thread 5" [_thread_blocked, id=4080, stack(0x0000001525500000,0x0000001525600000)]
  0x000001efe99f06a0 JavaThread "Execution worker Thread 6" [_thread_blocked, id=17220, stack(0x0000001525600000,0x0000001525700000)]
  0x000001efe99f15d0 JavaThread "Execution worker Thread 7" [_thread_blocked, id=3364, stack(0x0000001525700000,0x0000001525800000)]
  0x000001efe99f1ae0 JavaThread "Cache worker for execution history cache (C:\Users\Tamwyn\Documents\Projets Perso\ModeMinecraft\Projet\app\.gradle\8.7\executionHistory)" [_thread_blocked, id=11492, stack(0x0000001525800000,0x0000001525900000)]
  0x000001efe99f1ff0 JavaThread "Unconstrained build operations Thread 27" [_thread_blocked, id=9064, stack(0x0000001526000000,0x0000001526100000)]
  0x000001efed1a3600 JavaThread "Unconstrained build operations Thread 28" [_thread_blocked, id=13524, stack(0x0000001526100000,0x0000001526200000)]
  0x000001efed1a0360 JavaThread "Unconstrained build operations Thread 29" [_thread_blocked, id=8836, stack(0x0000001526200000,0x0000001526300000)]
  0x000001efed1a5970 JavaThread "Cache worker for Java compile cache (C:\Users\Tamwyn\.gradle\caches\8.7\javaCompile)" [_thread_blocked, id=4920, stack(0x0000001526300000,0x0000001526400000)]
  0x000001efed1a5e80 JavaThread "Incoming local TCP Connector on port 53010" [_thread_blocked, id=5244, stack(0x0000001526400000,0x0000001526500000)]
  0x000001efed1a0d80 JavaThread "Exec process Thread 4" daemon [_thread_in_native, id=1048, stack(0x0000001526600000,0x0000001526700000)]
  0x000001efed1a72c0 JavaThread "/127.0.0.1:53010 to /127.0.0.1:53011 workers" [_thread_blocked, id=10684, stack(0x0000001526500000,0x0000001526600000)]
  0x000001efed1a1290 JavaThread "/127.0.0.1:53010 to /127.0.0.1:53011 workers Thread 2" [_thread_blocked, id=9788, stack(0x0000001526700000,0x0000001526800000)]
  0x000001efed1a2be0 JavaThread "/127.0.0.1:53010 to /127.0.0.1:53011 workers Thread 3" [_thread_blocked, id=4344, stack(0x0000001526800000,0x0000001526900000)]
  0x000001efed1a26d0 JavaThread "/127.0.0.1:53010 to /127.0.0.1:53011 workers Thread 4" [_thread_blocked, id=10524, stack(0x0000001526900000,0x0000001526a00000)]
  0x000001efed19fe50 JavaThread "/127.0.0.1:53010 to /127.0.0.1:53011 workers Thread 5" [_thread_in_native, id=16564, stack(0x0000001526a00000,0x0000001526b00000)]
  0x000001efed1a77d0 JavaThread "Build operations" [_thread_blocked, id=3780, stack(0x0000001526b00000,0x0000001526c00000)]
  0x000001efed1a3b10 JavaThread "Build operations Thread 2" [_thread_blocked, id=9980, stack(0x0000001526c00000,0x0000001526d00000)]
  0x000001efed1a4020 JavaThread "Build operations Thread 3" [_thread_blocked, id=12236, stack(0x0000001526d00000,0x0000001526e00000)]
  0x000001efed1a6db0 JavaThread "Build operations Thread 4" [_thread_blocked, id=6080, stack(0x0000001526e00000,0x0000001526f00000)]
  0x000001efed1a17a0 JavaThread "Build operations Thread 5" [_thread_blocked, id=10896, stack(0x0000001526f00000,0x0000001527000000)]
  0x000001efed1a6390 JavaThread "Build operations Thread 6" [_thread_blocked, id=11188, stack(0x0000001527000000,0x0000001527100000)]
  0x000001efed1a68a0 JavaThread "Build operations Thread 7" [_thread_blocked, id=9844, stack(0x0000001527100000,0x0000001527200000)]

Other Threads:
=>0x000001efa36b2df0 VMThread "VM Thread" [stack: 0x000000151fc00000,0x000000151fd00000] [id=13372]
  0x000001ef80f8a110 WatcherThread [stack: 0x0000001520800000,0x0000001520900000] [id=3092]
  0x000001ef80f74d00 GCTaskThread "GC Thread#0" [stack: 0x000000151f700000,0x000000151f800000] [id=12576]
  0x000001efa3af50f0 GCTaskThread "GC Thread#1" [stack: 0x0000001520a00000,0x0000001520b00000] [id=6036]
  0x000001efe94aebb0 GCTaskThread "GC Thread#2" [stack: 0x0000001520b00000,0x0000001520c00000] [id=17040]
  0x000001efe9725d30 GCTaskThread "GC Thread#3" [stack: 0x0000001520c00000,0x0000001520d00000] [id=13500]
  0x000001efa3abab10 GCTaskThread "GC Thread#4" [stack: 0x0000001520d00000,0x0000001520e00000] [id=772]
  0x000001efe9a55b70 GCTaskThread "GC Thread#5" [stack: 0x0000001521700000,0x0000001521800000] [id=13320]
  0x000001efe9a55330 GCTaskThread "GC Thread#6" [stack: 0x0000001521800000,0x0000001521900000] [id=13028]
  0x000001efe9a555f0 GCTaskThread "GC Thread#7" [stack: 0x0000001521900000,0x0000001521a00000] [id=11208]
  0x000001ef80f82a70 ConcurrentGCThread "G1 Main Marker" [stack: 0x000000151f800000,0x000000151f900000] [id=11312]
  0x000001ef80f83290 ConcurrentGCThread "G1 Conc#0" [stack: 0x000000151f900000,0x000000151fa00000] [id=8188]
  0x000001efe9a55070 ConcurrentGCThread "G1 Conc#1" [stack: 0x0000001522000000,0x0000001522100000] [id=15796]
  0x000001ef80fee230 ConcurrentGCThread "G1 Refine#0" [stack: 0x000000151fa00000,0x000000151fb00000] [id=16404]
  0x000001efeb204260 ConcurrentGCThread "G1 Refine#1" [stack: 0x0000001525900000,0x0000001525a00000] [id=16804]
  0x000001efeb202500 ConcurrentGCThread "G1 Refine#2" [stack: 0x0000001525a00000,0x0000001525b00000] [id=1420]
  0x000001efeb204b30 ConcurrentGCThread "G1 Refine#3" [stack: 0x0000001525b00000,0x0000001525c00000] [id=8936]
  0x000001efeb202210 ConcurrentGCThread "G1 Refine#4" [stack: 0x0000001525c00000,0x0000001525d00000] [id=10544]
  0x000001efeb2033b0 ConcurrentGCThread "G1 Refine#5" [stack: 0x0000001525d00000,0x0000001525e00000] [id=2676]
  0x000001efeb2027f0 ConcurrentGCThread "G1 Refine#6" [stack: 0x0000001525e00000,0x0000001525f00000] [id=2952]
  0x000001efeb201f20 ConcurrentGCThread "G1 Refine#7" [stack: 0x0000001525f00000,0x0000001526000000] [id=15432]
  0x000001ef80feea70 ConcurrentGCThread "G1 Service" [stack: 0x000000151fb00000,0x000000151fc00000] [id=16020]

Threads with active compile tasks:
C2 CompilerThread0    15535 9302       4       org.objectweb.asm.ClassReader::readCode (5117 bytes)
C1 CompilerThread0    15535 9633       3       java.util.concurrent.FutureTask::awaitDone (214 bytes)

VM state: at safepoint (normal execution)

VM Mutex/Monitor currently owned by a thread:  ([mutex/lock_event])
[0x000001ef80f17c50] Threads_lock - owner thread: 0x000001efa36b2df0
[0x000001ef80f17b30] Heap_lock - owner thread: 0x000001efed1a77d0

Heap address: 0x0000000740000000, size: 3072 MB, Compressed Oops mode: Zero based, Oop shift amount: 3

CDS archive(s) mapped at: [0x000001efa4000000-0x000001efa4bd0000-0x000001efa4bd0000), size 12386304, SharedBaseAddress: 0x000001efa4000000, ArchiveRelocationMode: 1.
Compressed class space mapped at: 0x000001efa5000000-0x000001efe5000000, reserved size: 1073741824
Narrow klass base: 0x000001efa4000000, Narrow klass shift: 0, Narrow klass range: 0x100000000

GC Precious Log:
 CPUs: 8 total, 8 available
 Memory: 7871M
 Large Page Support: Disabled
 NUMA Support: Disabled
 Compressed Oops: Enabled (Zero based)
 Heap Region Size: 2M
 Heap Min Capacity: 8M
 Heap Initial Capacity: 124M
 Heap Max Capacity: 3G
 Pre-touch: Disabled
 Parallel Workers: 8
 Concurrent Workers: 2
 Concurrent Refinement Workers: 8
 Periodic GC: Disabled

Heap:
 garbage-first heap   total 370688K, used 88495K [0x0000000740000000, 0x0000000800000000)
  region size 2048K, 1 young (2048K), 1 survivors (2048K)
 Metaspace       used 67649K, committed 68288K, reserved 1114112K
  class space    used 9429K, committed 9728K, reserved 1048576K

Heap Regions: E=young(eden), S=young(survivor), O=old, HS=humongous(starts), HC=humongous(continues), CS=collection set, F=free, OA=open archive, CA=closed archive, TAMS=top-at-mark-start (previous, next)
|   0|0x0000000740000000, 0x0000000740200000, 0x0000000740200000|100%|HS|  |TAMS 0x0000000740200000, 0x0000000740000000| Complete 
|   1|0x0000000740200000, 0x0000000740400000, 0x0000000740400000|100%|HC|  |TAMS 0x0000000740400000, 0x0000000740200000| Complete 
|   2|0x0000000740400000, 0x0000000740600000, 0x0000000740600000|100%| O|  |TAMS 0x0000000740600000, 0x0000000740400000| Untracked 
|   3|0x0000000740600000, 0x0000000740800000, 0x0000000740800000|100%| O|  |TAMS 0x0000000740800000, 0x0000000740600000| Untracked 
|   4|0x0000000740800000, 0x0000000740a00000, 0x0000000740a00000|100%| O|  |TAMS 0x0000000740a00000, 0x0000000740800000| Untracked 
|   5|0x0000000740a00000, 0x0000000740c00000, 0x0000000740c00000|100%| O|  |TAMS 0x0000000740c00000, 0x0000000740a00000| Untracked 
|   6|0x0000000740c00000, 0x0000000740e00000, 0x0000000740e00000|100%| O|  |TAMS 0x0000000740e00000, 0x0000000740c00000| Untracked 
|   7|0x0000000740e00000, 0x0000000741000000, 0x0000000741000000|100%| O|  |TAMS 0x0000000741000000, 0x0000000740e00000| Untracked 
|   8|0x0000000741000000, 0x0000000741200000, 0x0000000741200000|100%| O|  |TAMS 0x0000000741200000, 0x0000000741000000| Untracked 
|   9|0x0000000741200000, 0x0000000741369c00, 0x0000000741400000| 70%| O|  |TAMS 0x0000000741369c00, 0x0000000741200000| Untracked 
|  10|0x0000000741400000, 0x0000000741600000, 0x0000000741600000|100%| O|  |TAMS 0x0000000741600000, 0x0000000741400000| Untracked 
|  11|0x0000000741600000, 0x0000000741800000, 0x0000000741800000|100%| O|  |TAMS 0x0000000741800000, 0x0000000741600000| Untracked 
|  12|0x0000000741800000, 0x0000000741a00000, 0x0000000741a00000|100%| O|  |TAMS 0x0000000741a00000, 0x0000000741800000| Untracked 
|  13|0x0000000741a00000, 0x0000000741c00000, 0x0000000741c00000|100%| O|  |TAMS 0x0000000741c00000, 0x0000000741a00000| Untracked 
|  14|0x0000000741c00000, 0x0000000741e00000, 0x0000000741e00000|100%|HS|  |TAMS 0x0000000741e00000, 0x0000000741c00000| Complete 
|  15|0x0000000741e00000, 0x0000000742000000, 0x0000000742000000|100%| O|  |TAMS 0x0000000742000000, 0x0000000741e00000| Untracked 
|  16|0x0000000742000000, 0x0000000742200000, 0x0000000742200000|100%| O|  |TAMS 0x0000000742200000, 0x0000000742000000| Untracked 
|  17|0x0000000742200000, 0x0000000742400000, 0x0000000742400000|100%| O|  |TAMS 0x0000000742400000, 0x0000000742200000| Untracked 
|  18|0x0000000742400000, 0x0000000742600000, 0x0000000742600000|100%| O|  |TAMS 0x0000000742600000, 0x0000000742400000| Untracked 
|  19|0x0000000742600000, 0x0000000742800000, 0x0000000742800000|100%| O|  |TAMS 0x0000000742800000, 0x0000000742600000| Untracked 
|  20|0x0000000742800000, 0x0000000742a00000, 0x0000000742a00000|100%| O|  |TAMS 0x0000000742a00000, 0x0000000742800000| Untracked 
|  21|0x0000000742a00000, 0x0000000742c00000, 0x0000000742c00000|100%| O|  |TAMS 0x0000000742c00000, 0x0000000742a00000| Untracked 
|  22|0x0000000742c00000, 0x0000000742e00000, 0x0000000742e00000|100%| O|  |TAMS 0x0000000742c00000, 0x0000000742c00000| Untracked 
|  23|0x0000000742e00000, 0x0000000743000000, 0x0000000743000000|100%| O|  |TAMS 0x0000000743000000, 0x0000000742e00000| Untracked 
|  24|0x0000000743000000, 0x0000000743200000, 0x0000000743200000|100%| O|  |TAMS 0x0000000743200000, 0x0000000743000000| Untracked 
|  25|0x0000000743200000, 0x0000000743400000, 0x0000000743400000|100%| O|  |TAMS 0x0000000743400000, 0x0000000743200000| Untracked 
|  26|0x0000000743400000, 0x0000000743600000, 0x0000000743600000|100%| O|  |TAMS 0x0000000743600000, 0x0000000743400000| Untracked 
|  27|0x0000000743600000, 0x0000000743800000, 0x0000000743800000|100%| O|  |TAMS 0x0000000743800000, 0x0000000743600000| Untracked 
|  28|0x0000000743800000, 0x0000000743a00000, 0x0000000743a00000|100%| O|  |TAMS 0x0000000743a00000, 0x0000000743800000| Untracked 
|  29|0x0000000743a00000, 0x0000000743c00000, 0x0000000743c00000|100%| O|  |TAMS 0x0000000743c00000, 0x0000000743a00000| Untracked 
|  30|0x0000000743c00000, 0x0000000743e00000, 0x0000000743e00000|100%| O|  |TAMS 0x0000000743c7b400, 0x0000000743c00000| Untracked 
|  31|0x0000000743e00000, 0x0000000744000000, 0x0000000744000000|100%| O|  |TAMS 0x0000000743e00000, 0x0000000743e00000| Untracked 
|  32|0x0000000744000000, 0x0000000744200000, 0x0000000744200000|100%| O|  |TAMS 0x0000000744200000, 0x0000000744000000| Untracked 
|  33|0x0000000744200000, 0x0000000744400000, 0x0000000744400000|100%| O|  |TAMS 0x0000000744200000, 0x0000000744200000| Untracked 
|  34|0x0000000744400000, 0x0000000744600000, 0x0000000744600000|100%| O|  |TAMS 0x0000000744400000, 0x0000000744400000| Untracked 
|  35|0x0000000744600000, 0x0000000744786c00, 0x0000000744800000| 76%| O|  |TAMS 0x0000000744600000, 0x0000000744600000| Untracked 
|  36|0x0000000744800000, 0x0000000744800000, 0x0000000744a00000|  0%| F|  |TAMS 0x0000000744800000, 0x0000000744800000| Untracked 
|  37|0x0000000744a00000, 0x0000000744a00000, 0x0000000744c00000|  0%| F|  |TAMS 0x0000000744a00000, 0x0000000744a00000| Untracked 
|  38|0x0000000744c00000, 0x0000000744c00000, 0x0000000744e00000|  0%| F|  |TAMS 0x0000000744c00000, 0x0000000744c00000| Untracked 
|  39|0x0000000744e00000, 0x0000000744e00000, 0x0000000745000000|  0%| F|  |TAMS 0x0000000744e00000, 0x0000000744e00000| Untracked 
|  40|0x0000000745000000, 0x0000000745000000, 0x0000000745200000|  0%| F|  |TAMS 0x0000000745000000, 0x0000000745000000| Untracked 
|  41|0x0000000745200000, 0x0000000745200000, 0x0000000745400000|  0%| F|  |TAMS 0x0000000745200000, 0x0000000745200000| Untracked 
|  42|0x0000000745400000, 0x0000000745400000, 0x0000000745600000|  0%| F|  |TAMS 0x0000000745400000, 0x0000000745400000| Untracked 
|  43|0x0000000745600000, 0x0000000745600000, 0x0000000745800000|  0%| F|  |TAMS 0x0000000745600000, 0x0000000745600000| Untracked 
|  44|0x0000000745800000, 0x0000000745800000, 0x0000000745a00000|  0%| F|  |TAMS 0x0000000745800000, 0x0000000745800000| Untracked 
|  45|0x0000000745a00000, 0x0000000745a00000, 0x0000000745c00000|  0%| F|  |TAMS 0x0000000745a00000, 0x0000000745a00000| Untracked 
|  46|0x0000000745c00000, 0x0000000745c00000, 0x0000000745e00000|  0%| F|  |TAMS 0x0000000745c00000, 0x0000000745c00000| Untracked 
|  47|0x0000000745e00000, 0x0000000745e00000, 0x0000000746000000|  0%| F|  |TAMS 0x0000000745e00000, 0x0000000745e00000| Untracked 
|  48|0x0000000746000000, 0x0000000746000000, 0x0000000746200000|  0%| F|  |TAMS 0x0000000746000000, 0x0000000746000000| Untracked 
|  49|0x0000000746200000, 0x0000000746200000, 0x0000000746400000|  0%| F|  |TAMS 0x0000000746200000, 0x0000000746200000| Untracked 
|  50|0x0000000746400000, 0x0000000746400000, 0x0000000746600000|  0%| F|  |TAMS 0x0000000746400000, 0x0000000746400000| Untracked 
|  51|0x0000000746600000, 0x0000000746600000, 0x0000000746800000|  0%| F|  |TAMS 0x0000000746600000, 0x0000000746600000| Untracked 
|  52|0x0000000746800000, 0x0000000746800000, 0x0000000746a00000|  0%| F|  |TAMS 0x0000000746800000, 0x0000000746800000| Untracked 
|  53|0x0000000746a00000, 0x0000000746a00000, 0x0000000746c00000|  0%| F|  |TAMS 0x0000000746a00000, 0x0000000746a00000| Untracked 
|  54|0x0000000746c00000, 0x0000000746c00000, 0x0000000746e00000|  0%| F|  |TAMS 0x0000000746c00000, 0x0000000746c00000| Untracked 
|  55|0x0000000746e00000, 0x0000000746e00000, 0x0000000747000000|  0%| F|  |TAMS 0x0000000746e00000, 0x0000000746e00000| Untracked 
|  56|0x0000000747000000, 0x0000000747000000, 0x0000000747200000|  0%| F|  |TAMS 0x0000000747000000, 0x0000000747000000| Untracked 
|  57|0x0000000747200000, 0x0000000747200000, 0x0000000747400000|  0%| F|  |TAMS 0x0000000747200000, 0x0000000747200000| Untracked 
|  58|0x0000000747400000, 0x0000000747400000, 0x0000000747600000|  0%| F|  |TAMS 0x0000000747400000, 0x0000000747400000| Untracked 
|  59|0x0000000747600000, 0x0000000747600000, 0x0000000747800000|  0%| F|  |TAMS 0x0000000747600000, 0x0000000747600000| Untracked 
|  60|0x0000000747800000, 0x0000000747800000, 0x0000000747a00000|  0%| F|  |TAMS 0x0000000747800000, 0x0000000747800000| Untracked 
|  61|0x0000000747a00000, 0x0000000747a00000, 0x0000000747c00000|  0%| F|  |TAMS 0x0000000747a00000, 0x0000000747a00000| Untracked 
|  62|0x0000000747c00000, 0x0000000747c00000, 0x0000000747e00000|  0%| F|  |TAMS 0x0000000747c00000, 0x0000000747c00000| Untracked 
|  63|0x0000000747e00000, 0x0000000747e00000, 0x0000000748000000|  0%| F|  |TAMS 0x0000000747e00000, 0x0000000747e00000| Untracked 
|  64|0x0000000748000000, 0x0000000748000000, 0x0000000748200000|  0%| F|  |TAMS 0x0000000748000000, 0x0000000748000000| Untracked 
|  65|0x0000000748200000, 0x0000000748200000, 0x0000000748400000|  0%| F|  |TAMS 0x0000000748200000, 0x0000000748200000| Untracked 
|  66|0x0000000748400000, 0x0000000748400000, 0x0000000748600000|  0%| F|  |TAMS 0x0000000748400000, 0x0000000748400000| Untracked 
|  67|0x0000000748600000, 0x0000000748600000, 0x0000000748800000|  0%| F|  |TAMS 0x0000000748600000, 0x0000000748600000| Untracked 
|  68|0x0000000748800000, 0x0000000748800000, 0x0000000748a00000|  0%| F|  |TAMS 0x0000000748800000, 0x0000000748800000| Untracked 
|  69|0x0000000748a00000, 0x0000000748a00000, 0x0000000748c00000|  0%| F|  |TAMS 0x0000000748a00000, 0x0000000748a00000| Untracked 
|  70|0x0000000748c00000, 0x0000000748c00000, 0x0000000748e00000|  0%| F|  |TAMS 0x0000000748c00000, 0x0000000748c00000| Untracked 
|  71|0x0000000748e00000, 0x0000000748e00000, 0x0000000749000000|  0%| F|  |TAMS 0x0000000748e00000, 0x0000000748e00000| Untracked 
|  72|0x0000000749000000, 0x0000000749000000, 0x0000000749200000|  0%| F|  |TAMS 0x0000000749000000, 0x0000000749000000| Untracked 
|  73|0x0000000749200000, 0x0000000749200000, 0x0000000749400000|  0%| F|  |TAMS 0x0000000749200000, 0x0000000749200000| Untracked 
|  74|0x0000000749400000, 0x0000000749400000, 0x0000000749600000|  0%| F|  |TAMS 0x0000000749400000, 0x0000000749400000| Untracked 
|  75|0x0000000749600000, 0x0000000749600000, 0x0000000749800000|  0%| F|  |TAMS 0x0000000749600000, 0x0000000749600000| Untracked 
|  76|0x0000000749800000, 0x0000000749800000, 0x0000000749a00000|  0%| F|  |TAMS 0x0000000749800000, 0x0000000749800000| Untracked 
|  77|0x0000000749a00000, 0x0000000749a00000, 0x0000000749c00000|  0%| F|  |TAMS 0x0000000749a00000, 0x0000000749a00000| Untracked 
|  78|0x0000000749c00000, 0x0000000749e00000, 0x0000000749e00000|100%| O|  |TAMS 0x0000000749e00000, 0x0000000749c00000| Untracked 
|  79|0x0000000749e00000, 0x0000000749e00000, 0x000000074a000000|  0%| F|  |TAMS 0x0000000749e00000, 0x0000000749e00000| Untracked 
|  80|0x000000074a000000, 0x000000074a000000, 0x000000074a200000|  0%| F|  |TAMS 0x000000074a000000, 0x000000074a000000| Untracked 
|  81|0x000000074a200000, 0x000000074a400000, 0x000000074a400000|100%| O|  |TAMS 0x000000074a400000, 0x000000074a200000| Untracked 
|  82|0x000000074a400000, 0x000000074a600000, 0x000000074a600000|100%| O|  |TAMS 0x000000074a600000, 0x000000074a400000| Untracked 
|  83|0x000000074a600000, 0x000000074a600000, 0x000000074a800000|  0%| F|  |TAMS 0x000000074a600000, 0x000000074a600000| Untracked 
|  84|0x000000074a800000, 0x000000074aa00000, 0x000000074aa00000|100%| O|  |TAMS 0x000000074aa00000, 0x000000074a800000| Untracked 
|  85|0x000000074aa00000, 0x000000074ac00000, 0x000000074ac00000|100%| O|  |TAMS 0x000000074ac00000, 0x000000074aa00000| Untracked 
|  86|0x000000074ac00000, 0x000000074ac00000, 0x000000074ae00000|  0%| F|  |TAMS 0x000000074ac00000, 0x000000074ac00000| Untracked 
|  87|0x000000074ae00000, 0x000000074b000000, 0x000000074b000000|100%| O|  |TAMS 0x000000074b000000, 0x000000074ae00000| Untracked 
|  88|0x000000074b000000, 0x000000074b000000, 0x000000074b200000|  0%| F|  |TAMS 0x000000074b000000, 0x000000074b000000| Untracked 
|  89|0x000000074b200000, 0x000000074b200000, 0x000000074b400000|  0%| F|  |TAMS 0x000000074b200000, 0x000000074b200000| Untracked 
|  90|0x000000074b400000, 0x000000074b400000, 0x000000074b600000|  0%| F|  |TAMS 0x000000074b400000, 0x000000074b400000| Untracked 
|  91|0x000000074b600000, 0x000000074b600000, 0x000000074b800000|  0%| F|  |TAMS 0x000000074b600000, 0x000000074b600000| Untracked 
|  92|0x000000074b800000, 0x000000074b800000, 0x000000074ba00000|  0%| F|  |TAMS 0x000000074b800000, 0x000000074b800000| Untracked 
|  93|0x000000074ba00000, 0x000000074ba00000, 0x000000074bc00000|  0%| F|  |TAMS 0x000000074ba00000, 0x000000074ba00000| Untracked 
|  94|0x000000074bc00000, 0x000000074bc00000, 0x000000074be00000|  0%| F|  |TAMS 0x000000074bc00000, 0x000000074bc00000| Untracked 
|  95|0x000000074be00000, 0x000000074be00000, 0x000000074c000000|  0%| F|  |TAMS 0x000000074be00000, 0x000000074be00000| Untracked 
|  96|0x000000074c000000, 0x000000074c000000, 0x000000074c200000|  0%| F|  |TAMS 0x000000074c000000, 0x000000074c000000| Untracked 
|  97|0x000000074c200000, 0x000000074c200000, 0x000000074c400000|  0%| F|  |TAMS 0x000000074c200000, 0x000000074c200000| Untracked 
|  98|0x000000074c400000, 0x000000074c400000, 0x000000074c600000|  0%| F|  |TAMS 0x000000074c400000, 0x000000074c400000| Untracked 
|  99|0x000000074c600000, 0x000000074c600000, 0x000000074c800000|  0%| F|  |TAMS 0x000000074c600000, 0x000000074c600000| Untracked 
| 100|0x000000074c800000, 0x000000074c800000, 0x000000074ca00000|  0%| F|  |TAMS 0x000000074c800000, 0x000000074c800000| Untracked 
| 101|0x000000074ca00000, 0x000000074ca00000, 0x000000074cc00000|  0%| F|  |TAMS 0x000000074ca00000, 0x000000074ca00000| Untracked 
| 102|0x000000074cc00000, 0x000000074cc00000, 0x000000074ce00000|  0%| F|  |TAMS 0x000000074cc00000, 0x000000074cc00000| Untracked 
| 103|0x000000074ce00000, 0x000000074ce00000, 0x000000074d000000|  0%| F|  |TAMS 0x000000074ce00000, 0x000000074ce00000| Untracked 
| 104|0x000000074d000000, 0x000000074d200000, 0x000000074d200000|100%| O|  |TAMS 0x000000074d200000, 0x000000074d000000| Untracked 
| 105|0x000000074d200000, 0x000000074d200000, 0x000000074d400000|  0%| F|  |TAMS 0x000000074d200000, 0x000000074d200000| Untracked 
| 106|0x000000074d400000, 0x000000074d400000, 0x000000074d600000|  0%| F|  |TAMS 0x000000074d400000, 0x000000074d400000| Untracked 
| 107|0x000000074d600000, 0x000000074d600000, 0x000000074d800000|  0%| F|  |TAMS 0x000000074d600000, 0x000000074d600000| Untracked 
| 108|0x000000074d800000, 0x000000074d800000, 0x000000074da00000|  0%| F|  |TAMS 0x000000074d800000, 0x000000074d800000| Untracked 
| 109|0x000000074da00000, 0x000000074da00000, 0x000000074dc00000|  0%| F|  |TAMS 0x000000074da00000, 0x000000074da00000| Untracked 
| 110|0x000000074dc00000, 0x000000074dc00000, 0x000000074de00000|  0%| F|  |TAMS 0x000000074dc00000, 0x000000074dc00000| Untracked 
| 111|0x000000074de00000, 0x000000074de00000, 0x000000074e000000|  0%| F|  |TAMS 0x000000074de00000, 0x000000074de00000| Untracked 
| 112|0x000000074e000000, 0x000000074e000000, 0x000000074e200000|  0%| F|  |TAMS 0x000000074e000000, 0x000000074e000000| Untracked 
| 113|0x000000074e200000, 0x000000074e200000, 0x000000074e400000|  0%| F|  |TAMS 0x000000074e200000, 0x000000074e200000| Untracked 
| 114|0x000000074e400000, 0x000000074e400000, 0x000000074e600000|  0%| F|  |TAMS 0x000000074e400000, 0x000000074e400000| Untracked 
| 115|0x000000074e600000, 0x000000074e600000, 0x000000074e800000|  0%| F|  |TAMS 0x000000074e600000, 0x000000074e600000| Untracked 
| 116|0x000000074e800000, 0x000000074e800000, 0x000000074ea00000|  0%| F|  |TAMS 0x000000074e800000, 0x000000074e800000| Untracked 
| 117|0x000000074ea00000, 0x000000074ea00000, 0x000000074ec00000|  0%| F|  |TAMS 0x000000074ea00000, 0x000000074ea00000| Untracked 
| 118|0x000000074ec00000, 0x000000074ec00000, 0x000000074ee00000|  0%| F|  |TAMS 0x000000074ec00000, 0x000000074ec00000| Untracked 
| 119|0x000000074ee00000, 0x000000074ee00000, 0x000000074f000000|  0%| F|  |TAMS 0x000000074ee00000, 0x000000074ee00000| Untracked 
| 120|0x000000074f000000, 0x000000074f000000, 0x000000074f200000|  0%| F|  |TAMS 0x000000074f000000, 0x000000074f000000| Untracked 
| 121|0x000000074f200000, 0x000000074f200000, 0x000000074f400000|  0%| F|  |TAMS 0x000000074f200000, 0x000000074f200000| Untracked 
| 122|0x000000074f400000, 0x000000074f400000, 0x000000074f600000|  0%| F|  |TAMS 0x000000074f400000, 0x000000074f400000| Untracked 
| 123|0x000000074f600000, 0x000000074f600000, 0x000000074f800000|  0%| F|  |TAMS 0x000000074f600000, 0x000000074f600000| Untracked 
| 124|0x000000074f800000, 0x000000074f800000, 0x000000074fa00000|  0%| F|  |TAMS 0x000000074f800000, 0x000000074f800000| Untracked 
| 125|0x000000074fa00000, 0x000000074fa00000, 0x000000074fc00000|  0%| F|  |TAMS 0x000000074fa00000, 0x000000074fa00000| Untracked 
| 126|0x000000074fc00000, 0x000000074fc00000, 0x000000074fe00000|  0%| F|  |TAMS 0x000000074fc00000, 0x000000074fc00000| Untracked 
| 127|0x000000074fe00000, 0x000000074fe00000, 0x0000000750000000|  0%| F|  |TAMS 0x000000074fe00000, 0x000000074fe00000| Untracked 
| 128|0x0000000750000000, 0x0000000750000000, 0x0000000750200000|  0%| F|  |TAMS 0x0000000750000000, 0x0000000750000000| Untracked 
| 129|0x0000000750200000, 0x0000000750200000, 0x0000000750400000|  0%| F|  |TAMS 0x0000000750200000, 0x0000000750200000| Untracked 
| 130|0x0000000750400000, 0x0000000750400000, 0x0000000750600000|  0%| F|  |TAMS 0x0000000750400000, 0x0000000750400000| Untracked 
| 131|0x0000000750600000, 0x0000000750600000, 0x0000000750800000|  0%| F|  |TAMS 0x0000000750600000, 0x0000000750600000| Untracked 
| 132|0x0000000750800000, 0x0000000750800000, 0x0000000750a00000|  0%| F|  |TAMS 0x0000000750800000, 0x0000000750800000| Untracked 
| 133|0x0000000750a00000, 0x0000000750a00000, 0x0000000750c00000|  0%| F|  |TAMS 0x0000000750a00000, 0x0000000750a00000| Untracked 
| 134|0x0000000750c00000, 0x0000000750c00000, 0x0000000750e00000|  0%| F|  |TAMS 0x0000000750c00000, 0x0000000750c00000| Untracked 
| 135|0x0000000750e00000, 0x0000000750e00000, 0x0000000751000000|  0%| F|  |TAMS 0x0000000750e00000, 0x0000000750e00000| Untracked 
| 136|0x0000000751000000, 0x0000000751000000, 0x0000000751200000|  0%| F|  |TAMS 0x0000000751000000, 0x0000000751000000| Untracked 
| 137|0x0000000751200000, 0x0000000751200000, 0x0000000751400000|  0%| F|  |TAMS 0x0000000751200000, 0x0000000751200000| Untracked 
| 138|0x0000000751400000, 0x0000000751400000, 0x0000000751600000|  0%| F|  |TAMS 0x0000000751400000, 0x0000000751400000| Untracked 
| 139|0x0000000751600000, 0x0000000751600000, 0x0000000751800000|  0%| F|  |TAMS 0x0000000751600000, 0x0000000751600000| Untracked 
| 140|0x0000000751800000, 0x0000000751800000, 0x0000000751a00000|  0%| F|  |TAMS 0x0000000751800000, 0x0000000751800000| Untracked 
| 141|0x0000000751a00000, 0x0000000751a00000, 0x0000000751c00000|  0%| F|  |TAMS 0x0000000751a00000, 0x0000000751a00000| Untracked 
| 142|0x0000000751c00000, 0x0000000751c00000, 0x0000000751e00000|  0%| F|  |TAMS 0x0000000751c00000, 0x0000000751c00000| Untracked 
| 143|0x0000000751e00000, 0x0000000751e00000, 0x0000000752000000|  0%| F|  |TAMS 0x0000000751e00000, 0x0000000751e00000| Untracked 
| 144|0x0000000752000000, 0x0000000752000000, 0x0000000752200000|  0%| F|  |TAMS 0x0000000752000000, 0x0000000752000000| Untracked 
| 145|0x0000000752200000, 0x0000000752200000, 0x0000000752400000|  0%| F|  |TAMS 0x0000000752200000, 0x0000000752200000| Untracked 
| 146|0x0000000752400000, 0x0000000752400000, 0x0000000752600000|  0%| F|  |TAMS 0x0000000752400000, 0x0000000752400000| Untracked 
| 147|0x0000000752600000, 0x0000000752600000, 0x0000000752800000|  0%| F|  |TAMS 0x0000000752600000, 0x0000000752600000| Untracked 
| 148|0x0000000752800000, 0x0000000752800000, 0x0000000752a00000|  0%| F|  |TAMS 0x0000000752800000, 0x0000000752800000| Untracked 
| 149|0x0000000752a00000, 0x0000000752a00000, 0x0000000752c00000|  0%| F|  |TAMS 0x0000000752a00000, 0x0000000752a00000| Untracked 
| 150|0x0000000752c00000, 0x0000000752c00000, 0x0000000752e00000|  0%| F|  |TAMS 0x0000000752c00000, 0x0000000752c00000| Untracked 
| 151|0x0000000752e00000, 0x0000000752e00000, 0x0000000753000000|  0%| F|  |TAMS 0x0000000752e00000, 0x0000000752e00000| Untracked 
| 152|0x0000000753000000, 0x0000000753000000, 0x0000000753200000|  0%| F|  |TAMS 0x0000000753000000, 0x0000000753000000| Untracked 
| 153|0x0000000753200000, 0x0000000753200000, 0x0000000753400000|  0%| F|  |TAMS 0x0000000753200000, 0x0000000753200000| Untracked 
| 154|0x0000000753400000, 0x0000000753400000, 0x0000000753600000|  0%| F|  |TAMS 0x0000000753400000, 0x0000000753400000| Untracked 
| 155|0x0000000753600000, 0x0000000753600000, 0x0000000753800000|  0%| F|  |TAMS 0x0000000753600000, 0x0000000753600000| Untracked 
| 156|0x0000000753800000, 0x0000000753800000, 0x0000000753a00000|  0%| F|  |TAMS 0x0000000753800000, 0x0000000753800000| Untracked 
| 157|0x0000000753a00000, 0x0000000753a00000, 0x0000000753c00000|  0%| F|  |TAMS 0x0000000753a00000, 0x0000000753a00000| Untracked 
| 158|0x0000000753c00000, 0x0000000753c00000, 0x0000000753e00000|  0%| F|  |TAMS 0x0000000753c00000, 0x0000000753c00000| Untracked 
| 159|0x0000000753e00000, 0x0000000753e00000, 0x0000000754000000|  0%| F|  |TAMS 0x0000000753e00000, 0x0000000753e00000| Untracked 
| 160|0x0000000754000000, 0x0000000754000000, 0x0000000754200000|  0%| F|  |TAMS 0x0000000754000000, 0x0000000754000000| Untracked 
| 161|0x0000000754200000, 0x0000000754200000, 0x0000000754400000|  0%| F|  |TAMS 0x0000000754200000, 0x0000000754200000| Untracked 
| 162|0x0000000754400000, 0x0000000754400000, 0x0000000754600000|  0%| F|  |TAMS 0x0000000754400000, 0x0000000754400000| Untracked 
| 163|0x0000000754600000, 0x0000000754600000, 0x0000000754800000|  0%| F|  |TAMS 0x0000000754600000, 0x0000000754600000| Untracked 
| 164|0x0000000754800000, 0x0000000754800000, 0x0000000754a00000|  0%| F|  |TAMS 0x0000000754800000, 0x0000000754800000| Untracked 
| 165|0x0000000754a00000, 0x0000000754a00000, 0x0000000754c00000|  0%| F|  |TAMS 0x0000000754a00000, 0x0000000754a00000| Untracked 
| 166|0x0000000754c00000, 0x0000000754c00000, 0x0000000754e00000|  0%| F|  |TAMS 0x0000000754c00000, 0x0000000754c00000| Untracked 
| 167|0x0000000754e00000, 0x0000000754e00000, 0x0000000755000000|  0%| F|  |TAMS 0x0000000754e00000, 0x0000000754e00000| Untracked 
| 168|0x0000000755000000, 0x0000000755000000, 0x0000000755200000|  0%| F|  |TAMS 0x0000000755000000, 0x0000000755000000| Untracked 
| 169|0x0000000755200000, 0x0000000755200000, 0x0000000755400000|  0%| F|  |TAMS 0x0000000755200000, 0x0000000755200000| Untracked 
| 170|0x0000000755400000, 0x0000000755400000, 0x0000000755600000|  0%| F|  |TAMS 0x0000000755400000, 0x0000000755400000| Untracked 
| 171|0x0000000755600000, 0x0000000755600000, 0x0000000755800000|  0%| F|  |TAMS 0x0000000755600000, 0x0000000755600000| Untracked 
| 172|0x0000000755800000, 0x0000000755800000, 0x0000000755a00000|  0%| F|  |TAMS 0x0000000755800000, 0x0000000755800000| Untracked 
| 173|0x0000000755a00000, 0x0000000755a00000, 0x0000000755c00000|  0%| F|  |TAMS 0x0000000755a00000, 0x0000000755a00000| Untracked 
| 174|0x0000000755c00000, 0x0000000755d7b7d0, 0x0000000755e00000| 74%| S|CS|TAMS 0x0000000755c00000, 0x0000000755c00000| Complete 
| 175|0x0000000755e00000, 0x0000000755e00000, 0x0000000756000000|  0%| F|  |TAMS 0x0000000755e00000, 0x0000000755e00000| Untracked 
| 176|0x0000000756000000, 0x0000000756000000, 0x0000000756200000|  0%| F|  |TAMS 0x0000000756000000, 0x0000000756000000| Untracked 
| 177|0x0000000756200000, 0x0000000756200000, 0x0000000756400000|  0%| F|  |TAMS 0x0000000756200000, 0x0000000756200000| Untracked 
| 178|0x0000000756400000, 0x0000000756400000, 0x0000000756600000|  0%| F|  |TAMS 0x0000000756400000, 0x0000000756400000| Untracked 
| 179|0x0000000756600000, 0x0000000756600000, 0x0000000756800000|  0%| F|  |TAMS 0x0000000756600000, 0x0000000756600000| Untracked 
| 180|0x0000000756800000, 0x0000000756800000, 0x0000000756a00000|  0%| F|  |TAMS 0x0000000756800000, 0x0000000756800000| Untracked 

Card table byte_map: [0x000001ef9a060000,0x000001ef9a660000] _byte_map_base: 0x000001ef96660000

Marking Bits (Prev, Next): (CMBitMap*) 0x000001ef80f75170, (CMBitMap*) 0x000001ef80f75130
 Prev Bits: [0x000001ef9dc60000, 0x000001efa0c60000)
 Next Bits: [0x000001ef9ac60000, 0x000001ef9dc60000)

Polling page: 0x000001ef80ff0000

Metaspace:

Usage:
  Non-class:     56.86 MB used.
      Class:      9.21 MB used.
       Both:     66.06 MB used.

Virtual space:
  Non-class space:       64.00 MB reserved,      57.19 MB ( 89%) committed,  1 nodes.
      Class space:        1.00 GB reserved,       9.50 MB ( <1%) committed,  1 nodes.
             Both:        1.06 GB reserved,      66.69 MB (  6%) committed. 

Chunk freelists:
   Non-Class:  6.00 MB
       Class:  6.33 MB
        Both:  12.33 MB

MaxMetaspaceSize: unlimited
CompressedClassSpaceSize: 1.00 GB
Initial GC threshold: 21.00 MB
Current GC threshold: 111.19 MB
CDS: on
MetaspaceReclaimPolicy: balanced
 - commit_granule_bytes: 65536.
 - commit_granule_words: 8192.
 - virtual_space_node_default_size: 8388608.
 - enlarge_chunks_in_place: 1.
 - new_chunks_are_fully_committed: 0.
 - uncommit_free_chunks: 1.
 - use_allocation_guard: 0.
 - handle_deallocations: 1.


Internal statistics:

num_allocs_failed_limit: 6.
num_arena_births: 734.
num_arena_deaths: 0.
num_vsnodes_births: 2.
num_vsnodes_deaths: 0.
num_space_committed: 1067.
num_space_uncommitted: 0.
num_chunks_returned_to_freelist: 6.
num_chunks_taken_from_freelist: 3365.
num_chunk_merges: 6.
num_chunk_splits: 2130.
num_chunks_enlarged: 1354.
num_inconsistent_stats: 0.

CodeHeap 'non-profiled nmethods': size=120000Kb used=4450Kb max_used=4450Kb free=115549Kb
 bounds [0x000001ef91ac0000, 0x000001ef91f20000, 0x000001ef98ff0000]
CodeHeap 'profiled nmethods': size=120000Kb used=16911Kb max_used=16911Kb free=103088Kb
 bounds [0x000001ef89ff0000, 0x000001ef8b080000, 0x000001ef91520000]
CodeHeap 'non-nmethods': size=5760Kb used=2375Kb max_used=2420Kb free=3384Kb
 bounds [0x000001ef91520000, 0x000001ef91790000, 0x000001ef91ac0000]
 total_blobs=9629 nmethods=8746 adapters=795
 compilation: enabled
              stopped_count=0, restarted_count=0
 full_count=0

Compilation events (20 events):
Event: 15.417 Thread 0x000001efa36d92c0 nmethod 9614 0x000001ef8b06c910 code [0x000001ef8b06caa0, 0x000001ef8b06cbb8]
Event: 15.425 Thread 0x000001efa36d92c0 9616       2       org.gradle.api.internal.tasks.compile.incremental.asm.ClassDependenciesVisitor$MethodVisitor::visitAnnotation (31 bytes)
Event: 15.426 Thread 0x000001efa36d92c0 nmethod 9616 0x000001ef8b06cc90 code [0x000001ef8b06ce60, 0x000001ef8b06d188]
Event: 15.426 Thread 0x000001efa36d92c0 9617       3       java.util.ArrayList::add (65 bytes)
Event: 15.426 Thread 0x000001efa36d92c0 nmethod 9617 0x000001ef8b06d390 code [0x000001ef8b06d5a0, 0x000001ef8b06dc38]
Event: 15.428 Thread 0x000001efa36d92c0 9619   !   3       com.google.common.cache.LocalCache$LoadingValueReference::loadFuture (123 bytes)
Event: 15.430 Thread 0x000001efa36d92c0 nmethod 9619 0x000001ef8b06de90 code [0x000001ef8b06e200, 0x000001ef8b06f688]
Event: 15.430 Thread 0x000001efa36d92c0 9620   !   3       com.google.common.cache.LocalCache$Segment::getAndRecordStats (134 bytes)
Event: 15.431 Thread 0x000001efa36d92c0 nmethod 9620 0x000001ef8b070090 code [0x000001ef8b070420, 0x000001ef8b0718a8]
Event: 15.446 Thread 0x000001efa36d92c0 9622       3       org.apache.commons.compress.archivers.zip.X000A_NTFS::getLocalFileDataLength (10 bytes)
Event: 15.447 Thread 0x000001efa36d92c0 nmethod 9622 0x000001ef8b072290 code [0x000001ef8b072440, 0x000001ef8b072678]
Event: 15.447 Thread 0x000001efa36d92c0 9623       3       java.math.BigInteger::equals (94 bytes)
Event: 15.448 Thread 0x000001efa36d92c0 nmethod 9623 0x000001ef8b072790 code [0x000001ef8b072980, 0x000001ef8b072f98]
Event: 15.464 Thread 0x000001efa36d92c0 9627       3       java.util.zip.ZipUtils::get64 (17 bytes)
Event: 15.466 Thread 0x000001efa36d92c0 nmethod 9627 0x000001ef8b073110 code [0x000001ef8b0732c0, 0x000001ef8b073438]
Event: 15.469 Thread 0x000001efa36d92c0 9629       2       org.apache.commons.compress.utils.TimeUtils::toNtfsTime (31 bytes)
Event: 15.472 Thread 0x000001efa36d92c0 nmethod 9629 0x000001ef8b073510 code [0x000001ef8b0736c0, 0x000001ef8b073838]
Event: 15.476 Thread 0x000001efa36d92c0 9631       3       java.util.concurrent.FutureTask::get (23 bytes)
Event: 15.480 Thread 0x000001efa36d92c0 nmethod 9631 0x000001ef8b073990 code [0x000001ef8b073b40, 0x000001ef8b073d18]
Event: 15.480 Thread 0x000001efa36d92c0 9633       3       java.util.concurrent.FutureTask::awaitDone (214 bytes)

GC Heap History (20 events):
Event: 9.007 GC heap after
{Heap after GC invocations=26 (full 0):
 garbage-first heap   total 169984K, used 55383K [0x0000000740000000, 0x0000000800000000)
  region size 2048K, 2 young (4096K), 2 survivors (4096K)
 Metaspace       used 61285K, committed 61824K, reserved 1114112K
  class space    used 8503K, committed 8768K, reserved 1048576K
}
Event: 9.552 GC heap before
{Heap before GC invocations=26 (full 0):
 garbage-first heap   total 169984K, used 106583K [0x0000000740000000, 0x0000000800000000)
  region size 2048K, 21 young (43008K), 2 survivors (4096K)
 Metaspace       used 64201K, committed 64832K, reserved 1114112K
  class space    used 8983K, committed 9280K, reserved 1048576K
}
Event: 9.557 GC heap after
{Heap after GC invocations=27 (full 0):
 garbage-first heap   total 169984K, used 57785K [0x0000000740000000, 0x0000000800000000)
  region size 2048K, 3 young (6144K), 3 survivors (6144K)
 Metaspace       used 64201K, committed 64832K, reserved 1114112K
  class space    used 8983K, committed 9280K, reserved 1048576K
}
Event: 9.638 GC heap before
{Heap before GC invocations=27 (full 0):
 garbage-first heap   total 169984K, used 80313K [0x0000000740000000, 0x0000000800000000)
  region size 2048K, 4 young (8192K), 3 survivors (6144K)
 Metaspace       used 64214K, committed 64832K, reserved 1114112K
  class space    used 8983K, committed 9280K, reserved 1048576K
}
Event: 9.643 GC heap after
{Heap after GC invocations=28 (full 0):
 garbage-first heap   total 169984K, used 71338K [0x0000000740000000, 0x0000000800000000)
  region size 2048K, 4 young (8192K), 4 survivors (8192K)
 Metaspace       used 64214K, committed 64832K, reserved 1114112K
  class space    used 8983K, committed 9280K, reserved 1048576K
}
Event: 9.791 GC heap before
{Heap before GC invocations=28 (full 0):
 garbage-first heap   total 169984K, used 122538K [0x0000000740000000, 0x0000000800000000)
  region size 2048K, 26 young (53248K), 4 survivors (8192K)
 Metaspace       used 64336K, committed 64960K, reserved 1114112K
  class space    used 8994K, committed 9280K, reserved 1048576K
}
Event: 9.851 GC heap after
{Heap after GC invocations=29 (full 0):
 garbage-first heap   total 370688K, used 97760K [0x0000000740000000, 0x0000000800000000)
  region size 2048K, 4 young (8192K), 4 survivors (8192K)
 Metaspace       used 64336K, committed 64960K, reserved 1114112K
  class space    used 8994K, committed 9280K, reserved 1048576K
}
Event: 10.204 GC heap before
{Heap before GC invocations=29 (full 0):
 garbage-first heap   total 370688K, used 206304K [0x0000000740000000, 0x0000000800000000)
  region size 2048K, 57 young (116736K), 4 survivors (8192K)
 Metaspace       used 64343K, committed 64960K, reserved 1114112K
  class space    used 8994K, committed 9280K, reserved 1048576K
}
Event: 10.258 GC heap after
{Heap after GC invocations=30 (full 0):
 garbage-first heap   total 370688K, used 167873K [0x0000000740000000, 0x0000000800000000)
  region size 2048K, 8 young (16384K), 8 survivors (16384K)
 Metaspace       used 64343K, committed 64960K, reserved 1114112K
  class space    used 8994K, committed 9280K, reserved 1048576K
}
Event: 10.492 GC heap before
{Heap before GC invocations=30 (full 0):
 garbage-first heap   total 370688K, used 237505K [0x0000000740000000, 0x0000000800000000)
  region size 2048K, 37 young (75776K), 8 survivors (16384K)
 Metaspace       used 64459K, committed 65088K, reserved 1114112K
  class space    used 9005K, committed 9280K, reserved 1048576K
}
Event: 10.570 GC heap after
{Heap after GC invocations=31 (full 0):
 garbage-first heap   total 370688K, used 200103K [0x0000000740000000, 0x0000000800000000)
  region size 2048K, 6 young (12288K), 6 survivors (12288K)
 Metaspace       used 64459K, committed 65088K, reserved 1114112K
  class space    used 9005K, committed 9280K, reserved 1048576K
}
Event: 15.027 GC heap before
{Heap before GC invocations=32 (full 0):
 garbage-first heap   total 370688K, used 259495K [0x0000000740000000, 0x0000000800000000)
  region size 2048K, 32 young (65536K), 6 survivors (12288K)
 Metaspace       used 67508K, committed 68160K, reserved 1114112K
  class space    used 9428K, committed 9728K, reserved 1048576K
}
Event: 15.100 GC heap after
{Heap after GC invocations=33 (full 0):
 garbage-first heap   total 370688K, used 199990K [0x0000000740000000, 0x0000000800000000)
  region size 2048K, 3 young (6144K), 3 survivors (6144K)
 Metaspace       used 67508K, committed 68160K, reserved 1114112K
  class space    used 9428K, committed 9728K, reserved 1048576K
}
Event: 15.137 GC heap before
{Heap before GC invocations=33 (full 0):
 garbage-first heap   total 370688K, used 212278K [0x0000000740000000, 0x0000000800000000)
  region size 2048K, 9 young (18432K), 3 survivors (6144K)
 Metaspace       used 67558K, committed 68160K, reserved 1114112K
  class space    used 9429K, committed 9728K, reserved 1048576K
}
Event: 15.144 GC heap after
{Heap after GC invocations=34 (full 0):
 garbage-first heap   total 370688K, used 200566K [0x0000000740000000, 0x0000000800000000)
  region size 2048K, 1 young (2048K), 1 survivors (2048K)
 Metaspace       used 67558K, committed 68160K, reserved 1114112K
  class space    used 9429K, committed 9728K, reserved 1048576K
}
Event: 15.275 GC heap before
{Heap before GC invocations=34 (full 0):
 garbage-first heap   total 370688K, used 259958K [0x0000000740000000, 0x0000000800000000)
  region size 2048K, 30 young (61440K), 1 survivors (2048K)
 Metaspace       used 67636K, committed 68288K, reserved 1114112K
  class space    used 9429K, committed 9728K, reserved 1048576K
}
Event: 15.280 GC heap after
{Heap after GC invocations=35 (full 0):
 garbage-first heap   total 370688K, used 205448K [0x0000000740000000, 0x0000000800000000)
  region size 2048K, 4 young (8192K), 4 survivors (8192K)
 Metaspace       used 67636K, committed 68288K, reserved 1114112K
  class space    used 9429K, committed 9728K, reserved 1048576K
}
Event: 15.431 GC heap before
{Heap before GC invocations=36 (full 0):
 garbage-first heap   total 370688K, used 154248K [0x0000000740000000, 0x0000000800000000)
  region size 2048K, 34 young (69632K), 4 survivors (8192K)
 Metaspace       used 67649K, committed 68288K, reserved 1114112K
  class space    used 9429K, committed 9728K, reserved 1048576K
}
Event: 15.443 GC heap after
{Heap after GC invocations=37 (full 0):
 garbage-first heap   total 370688K, used 97225K [0x0000000740000000, 0x0000000800000000)
  region size 2048K, 3 young (6144K), 3 survivors (6144K)
 Metaspace       used 67649K, committed 68288K, reserved 1114112K
  class space    used 9429K, committed 9728K, reserved 1048576K
}
Event: 15.482 GC heap before
{Heap before GC invocations=37 (full 0):
 garbage-first heap   total 370688K, used 109513K [0x0000000740000000, 0x0000000800000000)
  region size 2048K, 9 young (18432K), 3 survivors (6144K)
 Metaspace       used 67649K, committed 68288K, reserved 1114112K
  class space    used 9429K, committed 9728K, reserved 1048576K
}

Deoptimization events (20 events):
Event: 15.181 Thread 0x000001efed1a17a0 DEOPT PACKING pc=0x000001ef8af62657 sp=0x0000001526ffdb80
Event: 15.181 Thread 0x000001efed1a17a0 DEOPT UNPACKING pc=0x000001ef915766e3 sp=0x0000001526ffd080 mode 0
Event: 15.195 Thread 0x000001efed1a17a0 DEOPT PACKING pc=0x000001ef8af5e9ec sp=0x0000001526ffdbc0
Event: 15.195 Thread 0x000001efed1a17a0 DEOPT UNPACKING pc=0x000001ef915766e3 sp=0x0000001526ffd080 mode 0
Event: 15.248 Thread 0x000001efed1a68a0 Uncommon trap: trap_request=0xffffff45 fr.pc=0x000001ef91e3d658 relative=0x0000000000000518
Event: 15.248 Thread 0x000001efed1a68a0 Uncommon trap: reason=unstable_if action=reinterpret pc=0x000001ef91e3d658 method=java.lang.AbstractStringBuilder.putStringAt(ILjava/lang/String;II)V @ 8 c2
Event: 15.248 Thread 0x000001efed1a68a0 DEOPT PACKING pc=0x000001ef91e3d658 sp=0x00000015271fd340
Event: 15.248 Thread 0x000001efed1a68a0 DEOPT UNPACKING pc=0x000001ef91575ba3 sp=0x00000015271fd220 mode 2
Event: 15.263 Thread 0x000001efed1a77d0 Uncommon trap: trap_request=0xffffff45 fr.pc=0x000001ef91b01afc relative=0x000000000000015c
Event: 15.263 Thread 0x000001efed1a77d0 Uncommon trap: reason=unstable_if action=reinterpret pc=0x000001ef91b01afc method=java.lang.AbstractStringBuilder.putStringAt(ILjava/lang/String;II)V @ 8 c2
Event: 15.264 Thread 0x000001efed1a77d0 DEOPT PACKING pc=0x000001ef91b01afc sp=0x0000001526bfd840
Event: 15.264 Thread 0x000001efed1a77d0 DEOPT UNPACKING pc=0x000001ef91575ba3 sp=0x0000001526bfd770 mode 2
Event: 15.326 Thread 0x000001efed1a77d0 DEOPT PACKING pc=0x000001ef8af5e1cf sp=0x0000001526bfdb10
Event: 15.326 Thread 0x000001efed1a77d0 DEOPT UNPACKING pc=0x000001ef915766e3 sp=0x0000001526bfcfd0 mode 0
Event: 15.361 Thread 0x000001efed1a5970 Uncommon trap: trap_request=0xffffff45 fr.pc=0x000001ef91bf0888 relative=0x0000000000000248
Event: 15.361 Thread 0x000001efed1a5970 Uncommon trap: reason=unstable_if action=reinterpret pc=0x000001ef91bf0888 method=com.esotericsoftware.kryo.io.Output.writeString(Ljava/lang/CharSequence;)V @ 50 c2
Event: 15.361 Thread 0x000001efed1a5970 DEOPT PACKING pc=0x000001ef91bf0888 sp=0x00000015263fe240
Event: 15.361 Thread 0x000001efed1a5970 DEOPT UNPACKING pc=0x000001ef91575ba3 sp=0x00000015263fe1c0 mode 2
Event: 15.392 Thread 0x000001efed1a5970 DEOPT PACKING pc=0x000001ef8b0464cc sp=0x00000015263fe2d0
Event: 15.392 Thread 0x000001efed1a5970 DEOPT UNPACKING pc=0x000001ef915766e3 sp=0x00000015263fd770 mode 0

Classes unloaded (0 events):
No events

Classes redefined (0 events):
No events

Internal exceptions (20 events):
Event: 10.897 Thread 0x000001efe99ec4d0 Exception <a 'java/lang/NoSuchMethodError'{0x0000000755c28fd0}: static Lorg/gradle/api/internal/tasks/compile/DaemonJavaCompiler$JavaCompilerParameters;.<clinit>()V> (0x0000000755c28fd0) 
thrown [s\open\src\hotspot\share\prims\jni.cpp, line 1112]
Event: 10.897 Thread 0x000001efe99ec4d0 Exception <a 'java/lang/NoSuchMethodError'{0x0000000755c2bdd8}: static Lorg/gradle/api/internal/tasks/compile/daemon/CompilerWorkerExecutor$CompilerParameters;.<clinit>()V> (0x0000000755c2bdd8) 
thrown [s\open\src\hotspot\share\prims\jni.cpp, line 1112]
Event: 10.898 Thread 0x000001efe99ec4d0 Exception <a 'java/lang/NoSuchMethodError'{0x0000000755c40f08}: static [Ljava/lang/Object;.<clinit>()V> (0x0000000755c40f08) 
thrown [s\open\src\hotspot\share\prims\jni.cpp, line 1112]
Event: 10.900 Thread 0x000001efe99ec4d0 Exception <a 'java/lang/NoSuchMethodError'{0x0000000755c60308}: static Ljava/lang/Object;.<clinit>()V> (0x0000000755c60308) 
thrown [s\open\src\hotspot\share\prims\jni.cpp, line 1112]
Event: 10.901 Thread 0x000001efe99ec4d0 Exception <a 'java/lang/NoSuchMethodError'{0x0000000755c79d28}: static Ljava/util/AbstractList;.<clinit>()V> (0x0000000755c79d28) 
thrown [s\open\src\hotspot\share\prims\jni.cpp, line 1112]
Event: 10.904 Thread 0x000001efe99ec4d0 Exception <a 'java/lang/NoSuchMethodError'{0x0000000755cf27e0}: static Lorg/gradle/api/internal/tasks/compile/DefaultJavaCompileSpecFactory$DefaultForkingJavaCompileSpec;.<clinit>()V> (0x0000000755cf27e0) 
thrown [s\open\src\hotspot\share\prims\jni.cpp, line 1112]
Event: 10.905 Thread 0x000001efe99ec4d0 Exception <a 'java/lang/NoSuchMethodError'{0x0000000755cfc280}: static Lorg/gradle/api/internal/tasks/compile/DefaultJavaCompileSpec;.<clinit>()V> (0x0000000755cfc280) 
thrown [s\open\src\hotspot\share\prims\jni.cpp, line 1112]
Event: 10.905 Thread 0x000001efe99ec4d0 Exception <a 'java/lang/NoSuchMethodError'{0x0000000755d01938}: static Lorg/gradle/api/internal/tasks/compile/DefaultJvmLanguageCompileSpec;.<clinit>()V> (0x0000000755d01938) 
thrown [s\open\src\hotspot\share\prims\jni.cpp, line 1112]
Event: 10.914 Thread 0x000001efe99ec4d0 Exception <a 'java/lang/NoSuchMethodError'{0x0000000755dc1680}: static Lorg/gradle/api/internal/tasks/compile/MinimalJavaCompileOptions;.<clinit>()V> (0x0000000755dc1680) 
thrown [s\open\src\hotspot\share\prims\jni.cpp, line 1112]
Event: 10.918 Thread 0x000001efe99ec4d0 Exception <a 'java/lang/NoSuchMethodError'{0x0000000755a4d328}: static Lorg/gradle/api/internal/tasks/compile/MinimalJavaCompilerDaemonForkOptions;.<clinit>()V> (0x0000000755a4d328) 
thrown [s\open\src\hotspot\share\prims\jni.cpp, line 1112]
Event: 10.918 Thread 0x000001efe99ec4d0 Exception <a 'java/lang/NoSuchMethodError'{0x0000000755a4fae8}: static Lorg/gradle/api/internal/tasks/compile/MinimalCompilerDaemonForkOptions;.<clinit>()V> (0x0000000755a4fae8) 
thrown [s\open\src\hotspot\share\prims\jni.cpp, line 1112]
Event: 10.986 Thread 0x000001efe99ec4d0 Exception <a 'java/lang/NoSuchMethodError'{0x0000000755663a88}: static Lorg/gradle/process/internal/worker/request/WorkerAction;.<clinit>()V> (0x0000000755663a88) 
thrown [s\open\src\hotspot\share\prims\jni.cpp, line 1112]
Event: 12.316 Thread 0x000001efed19fe50 Exception <a 'java/lang/NoSuchMethodError'{0x0000000755204d10}: 'void java.lang.invoke.DirectMethodHandle$Holder.invokeSpecial(java.lang.Object, java.lang.Object, java.lang.Object, int)'> (0x0000000755204d10) 
thrown [s\open\src\hotspot\share\interpreter\linkResolver.cpp, line 759]
Event: 14.741 Thread 0x000001efed19fe50 Exception <a 'java/lang/NoSuchMethodError'{0x0000000755372590}: static Ljava/lang/Object;.<clinit>()V> (0x0000000755372590) 
thrown [s\open\src\hotspot\share\prims\jni.cpp, line 1112]
Event: 14.742 Thread 0x000001efed19fe50 Exception <a 'java/lang/NoSuchMethodError'{0x000000075538c1f8}: static Lorg/gradle/api/internal/tasks/compile/ApiCompilerResult;.<clinit>()V> (0x000000075538c1f8) 
thrown [s\open\src\hotspot\share\prims\jni.cpp, line 1112]
Event: 14.744 Thread 0x000001efed19fe50 Exception <a 'java/lang/NoSuchMethodError'{0x00000007553a3e78}: static Lorg/gradle/api/internal/tasks/compile/incremental/processing/AnnotationProcessingResult;.<clinit>()V> (0x00000007553a3e78) 
thrown [s\open\src\hotspot\share\prims\jni.cpp, line 1112]
Event: 14.748 Thread 0x000001efed19fe50 Exception <a 'java/lang/NoSuchMethodError'{0x00000007553e3358}: static Lorg/gradle/api/internal/tasks/compile/incremental/compilerapi/constants/ConstantsAnalysisResult;.<clinit>()V> (0x00000007553e3358) 
thrown [s\open\src\hotspot\share\prims\jni.cpp, line 1112]
Event: 14.749 Thread 0x000001efed19fe50 Exception <a 'java/lang/NoSuchMethodError'{0x00000007553f6aa0}: static Lorg/gradle/api/internal/tasks/compile/incremental/compilerapi/constants/ConstantToDependentsMappingBuilder;.<clinit>()V> (0x00000007553f6aa0) 
thrown [s\open\src\hotspot\share\prims\jni.cpp, line 1112]
Event: 14.785 Thread 0x000001efe99ec4d0 Implicit null exception at 0x000001ef91ed095c to 0x000001ef91ed09e9
Event: 14.850 Thread 0x000001efed1a4020 Exception <a 'java/lang/NoSuchMethodError'{0x0000000754c31c10}: 'long java.lang.invoke.DirectMethodHandle$Holder.invokeVirtual(java.lang.Object, java.lang.Object)'> (0x0000000754c31c10) 
thrown [s\open\src\hotspot\share\interpreter\linkResolver.cpp, line 759]

VM Operations (20 events):
Event: 14.780 Executing VM operation: HandshakeAllThreads done
Event: 14.780 Executing VM operation: Cleanup
Event: 14.780 Executing VM operation: Cleanup done
Event: 15.027 Executing VM operation: G1CollectForAllocation
Event: 15.100 Executing VM operation: G1CollectForAllocation done
Event: 15.137 Executing VM operation: G1CollectForAllocation
Event: 15.144 Executing VM operation: G1CollectForAllocation done
Event: 15.264 Executing VM operation: ICBufferFull
Event: 15.265 Executing VM operation: ICBufferFull done
Event: 15.275 Executing VM operation: G1CollectForAllocation
Event: 15.281 Executing VM operation: G1CollectForAllocation done
Event: 15.343 Executing VM operation: G1Concurrent
Event: 15.350 Executing VM operation: G1Concurrent done
Event: 15.382 Executing VM operation: G1Concurrent
Event: 15.383 Executing VM operation: G1Concurrent done
Event: 15.431 Executing VM operation: G1CollectForAllocation
Event: 15.431 Executing VM operation: G1CollectForAllocation done
Event: 15.431 Executing VM operation: G1CollectForAllocation
Event: 15.443 Executing VM operation: G1CollectForAllocation done
Event: 15.482 Executing VM operation: G1CollectForAllocation

Events (20 events):
Event: 14.778 loading class java/util/PrimitiveIterator
Event: 14.778 loading class java/util/PrimitiveIterator done
Event: 14.778 loading class java/util/PrimitiveIterator$OfInt done
Event: 14.791 loading class java/util/concurrent/RecursiveAction
Event: 14.791 loading class java/util/concurrent/RecursiveAction done
Event: 14.819 Thread 0x000001efed1a77d0 Thread added: 0x000001efed1a77d0
Event: 14.819 Thread 0x000001efed1a3b10 Thread added: 0x000001efed1a3b10
Event: 14.819 Thread 0x000001efed1a4020 Thread added: 0x000001efed1a4020
Event: 14.819 Thread 0x000001efed1a6db0 Thread added: 0x000001efed1a6db0
Event: 14.819 Thread 0x000001efed1a17a0 Thread added: 0x000001efed1a17a0
Event: 14.820 Thread 0x000001efed1a6390 Thread added: 0x000001efed1a6390
Event: 14.820 Thread 0x000001efed1a68a0 Thread added: 0x000001efed1a68a0
Event: 14.853 loading class java/nio/charset/UnsupportedCharsetException
Event: 14.853 loading class java/nio/charset/UnsupportedCharsetException done
Event: 14.869 loading class java/nio/file/attribute/FileTime$1
Event: 14.869 loading class java/nio/file/attribute/FileTime$1 done
Event: 14.900 loading class jdk/internal/access/foreign/MemorySegmentProxy
Event: 14.902 loading class jdk/internal/access/foreign/MemorySegmentProxy done
Event: 15.129 loading class jdk/internal/misc/ScopedMemoryAccess$Scope$Handle
Event: 15.129 loading class jdk/internal/misc/ScopedMemoryAccess$Scope$Handle done


Dynamic libraries:
0x00007ff6f0ac0000 - 0x00007ff6f0ad0000 	C:\Program Files\Java\jdk-17\bin\java.exe
0x00007ffe86cf0000 - 0x00007ffe86ee8000 	C:\WINDOWS\SYSTEM32\ntdll.dll
0x00007ffe868e0000 - 0x00007ffe869a2000 	C:\WINDOWS\System32\KERNEL32.DLL
0x00007ffe84630000 - 0x00007ffe8492e000 	C:\WINDOWS\System32\KERNELBASE.dll
0x00007ffe849e0000 - 0x00007ffe84ae0000 	C:\WINDOWS\System32\ucrtbase.dll
0x00007ffe57cb0000 - 0x00007ffe57ccb000 	C:\Program Files\Java\jdk-17\bin\VCRUNTIME140.dll
0x00007ffe5bbf0000 - 0x00007ffe5bc09000 	C:\Program Files\Java\jdk-17\bin\jli.dll
0x00007ffe86bf0000 - 0x00007ffe86ca1000 	C:\WINDOWS\System32\ADVAPI32.dll
0x00007ffe86a60000 - 0x00007ffe86afe000 	C:\WINDOWS\System32\msvcrt.dll
0x00007ffe85250000 - 0x00007ffe852ef000 	C:\WINDOWS\System32\sechost.dll
0x00007ffe85120000 - 0x00007ffe85243000 	C:\WINDOWS\System32\RPCRT4.dll
0x00007ffe84ce0000 - 0x00007ffe84d07000 	C:\WINDOWS\System32\bcrypt.dll
0x00007ffe86710000 - 0x00007ffe868ad000 	C:\WINDOWS\System32\USER32.dll
0x00007ffe84ae0000 - 0x00007ffe84b02000 	C:\WINDOWS\System32\win32u.dll
0x00007ffe6b790000 - 0x00007ffe6ba2a000 	C:\WINDOWS\WinSxS\amd64_microsoft.windows.common-controls_6595b64144ccf1df_6.0.19041.4355_none_60b8b9eb71f62e16\COMCTL32.dll
0x00007ffe868b0000 - 0x00007ffe868db000 	C:\WINDOWS\System32\GDI32.dll
0x00007ffe84480000 - 0x00007ffe84597000 	C:\WINDOWS\System32\gdi32full.dll
0x00007ffe843e0000 - 0x00007ffe8447d000 	C:\WINDOWS\System32\msvcp_win.dll
0x00007ffe79650000 - 0x00007ffe7965a000 	C:\WINDOWS\SYSTEM32\VERSION.dll
0x00007ffe85300000 - 0x00007ffe8532f000 	C:\WINDOWS\System32\IMM32.DLL
0x00007ffe61340000 - 0x00007ffe6134c000 	C:\Program Files\Java\jdk-17\bin\vcruntime140_1.dll
0x00007ffe3d150000 - 0x00007ffe3d1de000 	C:\Program Files\Java\jdk-17\bin\msvcp140.dll
0x00007ffdf8340000 - 0x00007ffdf8f20000 	C:\Program Files\Java\jdk-17\bin\server\jvm.dll
0x00007ffe852f0000 - 0x00007ffe852f8000 	C:\WINDOWS\System32\PSAPI.DLL
0x00007ffe34b40000 - 0x00007ffe34b49000 	C:\WINDOWS\SYSTEM32\WSOCK32.dll
0x00007ffe70bd0000 - 0x00007ffe70bf7000 	C:\WINDOWS\SYSTEM32\WINMM.dll
0x00007ffe85910000 - 0x00007ffe8597b000 	C:\WINDOWS\System32\WS2_32.dll
0x00007ffe82b70000 - 0x00007ffe82b82000 	C:\WINDOWS\SYSTEM32\kernel.appcore.dll
0x00007ffe5f4c0000 - 0x00007ffe5f4ca000 	C:\Program Files\Java\jdk-17\bin\jimage.dll
0x00007ffe828a0000 - 0x00007ffe82a84000 	C:\WINDOWS\SYSTEM32\DBGHELP.DLL
0x00007ffe5d4d0000 - 0x00007ffe5d504000 	C:\WINDOWS\SYSTEM32\dbgcore.DLL
0x00007ffe845a0000 - 0x00007ffe84622000 	C:\WINDOWS\System32\bcryptPrimitives.dll
0x00007ffe7c2e0000 - 0x00007ffe7c2ee000 	C:\Program Files\Java\jdk-17\bin\instrument.dll
0x00007ffe577c0000 - 0x00007ffe577e5000 	C:\Program Files\Java\jdk-17\bin\java.dll
0x00007ffe3c9a0000 - 0x00007ffe3ca77000 	C:\Program Files\Java\jdk-17\bin\jsvml.dll
0x00007ffe85aa0000 - 0x00007ffe8620d000 	C:\WINDOWS\System32\SHELL32.dll
0x00007ffe81e10000 - 0x00007ffe825b4000 	C:\WINDOWS\SYSTEM32\windows.storage.dll
0x00007ffe86210000 - 0x00007ffe86563000 	C:\WINDOWS\System32\combase.dll
0x00007ffe83dc0000 - 0x00007ffe83dee000 	C:\WINDOWS\SYSTEM32\Wldp.dll
0x00007ffe86570000 - 0x00007ffe8663d000 	C:\WINDOWS\System32\OLEAUT32.dll
0x00007ffe869b0000 - 0x00007ffe86a5d000 	C:\WINDOWS\System32\SHCORE.dll
0x00007ffe866a0000 - 0x00007ffe866f5000 	C:\WINDOWS\System32\shlwapi.dll
0x00007ffe842c0000 - 0x00007ffe842e4000 	C:\WINDOWS\SYSTEM32\profapi.dll
0x00007ffe55440000 - 0x00007ffe55458000 	C:\Program Files\Java\jdk-17\bin\zip.dll
0x00007ffe57330000 - 0x00007ffe57349000 	C:\Program Files\Java\jdk-17\bin\net.dll
0x00007ffe7e440000 - 0x00007ffe7e54d000 	C:\WINDOWS\SYSTEM32\WINHTTP.dll
0x00007ffe83b20000 - 0x00007ffe83b8a000 	C:\WINDOWS\system32\mswsock.dll
0x00007ffe55460000 - 0x00007ffe55476000 	C:\Program Files\Java\jdk-17\bin\nio.dll
0x00007ffe7edf0000 - 0x00007ffe7ee00000 	C:\Program Files\Java\jdk-17\bin\verify.dll
0x00007ffe535c0000 - 0x00007ffe535e7000 	C:\Users\Tamwyn\.gradle\native\c067742578af261105cb4f569cf0c3c89f3d7b1fecec35dd04571415982c5e48\windows-amd64\native-platform.dll
0x00007ffe39a60000 - 0x00007ffe39ba4000 	C:\Users\Tamwyn\.gradle\native\38dada09dfb8b06ba9b0570ebf7e218e3eb74d4ef43ca46872605cf95ebc2f47\windows-amd64\native-platform-file-events.dll
0x00007ffe7dc20000 - 0x00007ffe7dc2a000 	C:\Program Files\Java\jdk-17\bin\management.dll
0x00007ffe7da00000 - 0x00007ffe7da0b000 	C:\Program Files\Java\jdk-17\bin\management_ext.dll
0x00007ffe83d10000 - 0x00007ffe83d28000 	C:\WINDOWS\SYSTEM32\CRYPTSP.dll
0x00007ffe833a0000 - 0x00007ffe833d4000 	C:\WINDOWS\system32\rsaenh.dll
0x00007ffe84280000 - 0x00007ffe842ae000 	C:\WINDOWS\SYSTEM32\USERENV.dll
0x00007ffe83d30000 - 0x00007ffe83d3c000 	C:\WINDOWS\SYSTEM32\CRYPTBASE.dll
0x00007ffe837b0000 - 0x00007ffe837eb000 	C:\WINDOWS\SYSTEM32\IPHLPAPI.DLL
0x00007ffe86be0000 - 0x00007ffe86be8000 	C:\WINDOWS\System32\NSI.dll
0x00007ffe7c710000 - 0x00007ffe7c727000 	C:\WINDOWS\SYSTEM32\dhcpcsvc6.DLL
0x00007ffe7cd50000 - 0x00007ffe7cd6d000 	C:\WINDOWS\SYSTEM32\dhcpcsvc.DLL
0x00007ffe837f0000 - 0x00007ffe838ba000 	C:\WINDOWS\SYSTEM32\DNSAPI.dll
0x00007ffe7c2d0000 - 0x00007ffe7c2de000 	C:\Program Files\Java\jdk-17\bin\sunmscapi.dll
0x00007ffe84b10000 - 0x00007ffe84c6c000 	C:\WINDOWS\System32\CRYPT32.dll
0x00007ffe83e30000 - 0x00007ffe83e57000 	C:\WINDOWS\SYSTEM32\ncrypt.dll
0x00007ffe83df0000 - 0x00007ffe83e2b000 	C:\WINDOWS\SYSTEM32\NTASN1.dll
0x00007ffe486d0000 - 0x00007ffe486d7000 	C:\WINDOWS\system32\wshunix.dll
0x00007ffe7c650000 - 0x00007ffe7c65a000 	C:\Windows\System32\rasadhlp.dll
0x00007ffe79870000 - 0x00007ffe798f0000 	C:\WINDOWS\System32\fwpuclnt.dll

dbghelp: loaded successfully - version: 4.0.5 - missing functions: none
symbol engine: initialized successfully - sym options: 0x614 - pdb path: .;C:\Program Files\Java\jdk-17\bin;C:\WINDOWS\SYSTEM32;C:\WINDOWS\WinSxS\amd64_microsoft.windows.common-controls_6595b64144ccf1df_6.0.19041.4355_none_60b8b9eb71f62e16;C:\Program Files\Java\jdk-17\bin\server;C:\Users\Tamwyn\.gradle\native\c067742578af261105cb4f569cf0c3c89f3d7b1fecec35dd04571415982c5e48\windows-amd64;C:\Users\Tamwyn\.gradle\native\38dada09dfb8b06ba9b0570ebf7e218e3eb74d4ef43ca46872605cf95ebc2f47\windows-amd64

VM Arguments:
jvm_args: --add-opens=java.base/java.util=ALL-UNNAMED --add-opens=java.base/java.lang=ALL-UNNAMED --add-opens=java.base/java.lang.invoke=ALL-UNNAMED --add-opens=java.prefs/java.util.prefs=ALL-UNNAMED --add-opens=java.base/java.nio.charset=ALL-UNNAMED --add-opens=java.base/java.net=ALL-UNNAMED --add-opens=java.base/java.util.concurrent.atomic=ALL-UNNAMED -Xmx3G -Dfile.encoding=windows-1252 -Duser.country=FR -Duser.language=fr -Duser.variant -javaagent:C:\Users\Tamwyn\.gradle\wrapper\dists\gradle-8.7-all\aan3ydargesu18aqyqjwhr3pc\gradle-8.7\lib\agents\gradle-instrumentation-agent-8.7.jar 
java_command: org.gradle.launcher.daemon.bootstrap.GradleDaemon 8.7
java_class_path (initial): C:\Users\Tamwyn\.gradle\wrapper\dists\gradle-8.7-all\aan3ydargesu18aqyqjwhr3pc\gradle-8.7\lib\gradle-launcher-8.7.jar
Launcher Type: SUN_STANDARD

[Global flags]
     intx CICompilerCount                          = 4                                         {product} {ergonomic}
     uint ConcGCThreads                            = 2                                         {product} {ergonomic}
     uint G1ConcRefinementThreads                  = 8                                         {product} {ergonomic}
   size_t G1HeapRegionSize                         = 2097152                                   {product} {ergonomic}
    uintx GCDrainStackTargetSize                   = 64                                        {product} {ergonomic}
   size_t InitialHeapSize                          = 130023424                                 {product} {ergonomic}
   size_t MarkStackSize                            = 4194304                                   {product} {ergonomic}
   size_t MaxHeapSize                              = 3221225472                                {product} {command line}
   size_t MaxNewSize                               = 1931476992                                {product} {ergonomic}
   size_t MinHeapDeltaBytes                        = 2097152                                   {product} {ergonomic}
   size_t MinHeapSize                              = 8388608                                   {product} {ergonomic}
    uintx NonNMethodCodeHeapSize                   = 5839372                                {pd product} {ergonomic}
    uintx NonProfiledCodeHeapSize                  = 122909434                              {pd product} {ergonomic}
    uintx ProfiledCodeHeapSize                     = 122909434                              {pd product} {ergonomic}
    uintx ReservedCodeCacheSize                    = 251658240                              {pd product} {ergonomic}
     bool SegmentedCodeCache                       = true                                      {product} {ergonomic}
   size_t SoftMaxHeapSize                          = 3221225472                             {manageable} {ergonomic}
     bool UseCompressedClassPointers               = true                           {product lp64_product} {ergonomic}
     bool UseCompressedOops                        = true                           {product lp64_product} {ergonomic}
     bool UseG1GC                                  = true                                      {product} {ergonomic}
     bool UseLargePagesIndividualAllocation        = false                                  {pd product} {ergonomic}

Logging:
Log output configuration:
 #0: stdout all=warning uptime,level,tags
 #1: stderr all=off uptime,level,tags

Environment Variables:
JAVA_HOME=C:\Program Files\Java\jdk-17
CLASSPATH=C:\Users\Tamwyn\Documents\Projets Perso\ModeMinecraft\Projet\app\\gradle\wrapper\gradle-wrapper.jar
PATH=C:\Program Files\Common Files\Oracle\Java\javapath;C:\Program Files (x86)\Common Files\Oracle\Java\java8path;C:\Program Files (x86)\Common Files\Oracle\Java\javapath;C:\Python313\Scripts\;C:\Python313\;C:\WINDOWS\system32;C:\WINDOWS;C:\WINDOWS\System32\Wbem;C:\WINDOWS\System32\WindowsPowerShell\v1.0\;C:\WINDOWS\System32\OpenSSH\;C:\ProgramData\chocolatey\bin;C:\Program Files\Microsoft VS Code\bin;C:\Program Files\MiKTeX\miktex\bin\x64\;C:\ProgramData\chocolatey\lib\mpv.install\tools;C:\ProgramData\chocolatey\lib\python312\tools;C:\Program Files\dotnet\;C:\tools\msys64\mingw64\bin;C:\Program Files\Mozilla Firefox;C:\Program Files\MATLAB\R2024b\bin;C:\Program Files\Docker\Docker\resources\bin;C:\Users\Tamwyn\AppData\Local\GitHubDesktop\app-3.4.5\resources\app\git\cmd;C:\Program Files\gnuplot\bin;C:\Program Files\GNU Octave\Octave-9.2.0\mingw64\bin;C:\Program Files\Java\jdk-17\bin;C:\Users\Tamwyn\AppData\Local\Microsoft\WindowsApps;C:\Users\Tamwyn\AppData\Local\GitHubDesktop\bin;C:\Program Files\Mozilla Firefox;C:\Users\Tamwyn\Documents\lib\cmds;C:\Users\Tamwyn\.dotnet\tools;C:\tools\msys64
USERNAME=Tamwyn
LANG=en_US.UTF-8
OS=Windows_NT
PROCESSOR_IDENTIFIER=Intel64 Family 6 Model 140 Stepping 1, GenuineIntel



---------------  S Y S T E M  ---------------

OS:
 Windows 10 , 64 bit Build 19041 (10.0.19041.5198)
OS uptime: 0 days 18:16 hours
Hyper-V role detected

CPU: total 8 (initial active 8) (4 cores per cpu, 2 threads per core) family 6 model 140 stepping 1 microcode 0x86, cx8, cmov, fxsr, ht, mmx, 3dnowpref, sse, sse2, sse3, ssse3, sse4.1, sse4.2, popcnt, lzcnt, tsc, tscinvbit, avx, avx2, aes, erms, clmul, bmi1, bmi2, adx, avx512f, avx512dq, avx512cd, avx512bw, avx512vl, sha, fma, vzeroupper, avx512_vpopcntdq, avx512_vpclmulqdq, avx512_vaes, avx512_vnni, clflush, clflushopt, clwb, avx512_vbmi2, avx512_vbmi, hv

Memory: 4k page, system-wide physical 7871M (263M free)
TotalPageFile size 14871M (AvailPageFile size 36M)
current process WorkingSet (physical memory assigned to process): 390M, peak: 466M
current process commit charge ("private bytes"): 685M, peak: 1188M

vm_info: Java HotSpot(TM) 64-Bit Server VM (17.0.12+8-LTS-286) for windows-amd64 JRE (17.0.12+8-LTS-286), built on Jun  5 2024 06:46:59 by "mach5one" with MS VC++ 17.6 (VS2022)

END.
